#
# There is insufficient memory for the Java Runtime Environment to continue.
# Native memory allocation (mmap) failed to map 51380224 bytes for G1 virtual space
# Possible reasons:
#   The system is out of physical RAM or swap space
#   The process is running with CompressedOops enabled, and the Java Heap may be blocking the growth of the native heap
# Possible solutions:
#   Reduce memory load on the system
#   Increase physical memory or swap space
#   Check if swap backing store is full
#   Decrease Java heap size (-Xmx/-Xms)
#   Decrease number of Java threads
#   Decrease Java thread stack sizes (-Xss)
#   Set larger code cache with -XX:ReservedCodeCacheSize=
#   JVM is running with Unscaled Compressed Oops mode in which the Java heap is
#     placed in the first 4GB address space. The Java Heap base address is the
#     maximum limit for the native heap growth. Please use -XX:HeapBaseMinAddress
#     to set the Java Heap base and to place the Java Heap above 4GB virtual address.
# This output file may be truncated or incomplete.
#
#  Out of Memory Error (os_windows.cpp:3769), pid=15264, tid=13624
#
# JRE version: OpenJDK Runtime Environment (17.0.6) (build 17.0.6+0-b2043.56-10027231)
# Java VM: OpenJDK 64-Bit Server VM (17.0.6+0-b2043.56-10027231, mixed mode, tiered, compressed oops, compressed class ptrs, g1 gc, windows-amd64)
# No core dump will be written. Minidumps are not enabled by default on client versions of Windows
#

---------------  S U M M A R Y ------------

Command Line: --add-opens=java.base/java.util=ALL-UNNAMED --add-opens=java.base/java.lang=ALL-UNNAMED --add-opens=java.base/java.lang.invoke=ALL-UNNAMED --add-opens=java.prefs/java.util.prefs=ALL-UNNAMED --add-opens=java.base/java.nio.charset=ALL-UNNAMED --add-opens=java.base/java.net=ALL-UNNAMED --add-opens=java.base/java.util.concurrent.atomic=ALL-UNNAMED -Xmx2048m -Dfile.encoding=UTF-8 -Duser.country=BR -Duser.language=pt -Duser.variant org.gradle.launcher.daemon.bootstrap.GradleDaemon 8.0

Host: AMD Ryzen 5 3400G with Radeon Vega Graphics    , 8 cores, 5G,  Windows 10 , 64 bit Build 19041 (10.0.19041.3636)
Time: Fri Nov 17 17:18:02 2023 Hora oficial do Brasil elapsed time: 22.414194 seconds (0d 0h 0m 22s)

---------------  T H R E A D  ---------------

Current thread (0x000001e53b281450):  VMThread "VM Thread" [stack: 0x0000006a0c500000,0x0000006a0c600000] [id=13624]

Stack: [0x0000006a0c500000,0x0000006a0c600000]
Native frames: (J=compiled Java code, j=interpreted, Vv=VM code, C=native code)
V  [jvm.dll+0x683c9a]
V  [jvm.dll+0x8427a4]
V  [jvm.dll+0x843f9e]
V  [jvm.dll+0x844603]
V  [jvm.dll+0x249b75]
V  [jvm.dll+0x680b69]
V  [jvm.dll+0x67505a]
V  [jvm.dll+0x309acb]
V  [jvm.dll+0x310f86]
V  [jvm.dll+0x3608ee]
V  [jvm.dll+0x360b1f]
V  [jvm.dll+0x2dfbf8]
V  [jvm.dll+0x2e2ce6]
V  [jvm.dll+0x2ed478]
V  [jvm.dll+0x322150]
V  [jvm.dll+0x848ccb]
V  [jvm.dll+0x849a04]
V  [jvm.dll+0x849f1d]
V  [jvm.dll+0x84a2f4]
V  [jvm.dll+0x84a3c0]
V  [jvm.dll+0x7f274a]
V  [jvm.dll+0x682ad5]
C  [ucrtbase.dll+0x21bb2]
C  [KERNEL32.DLL+0x17344]
C  [ntdll.dll+0x526b1]

VM_Operation (0x0000006a0c1ff3a0): G1Concurrent, mode: safepoint, requested by thread 0x000001e5214c7780


---------------  P R O C E S S  ---------------

Threads class SMR info:
_java_thread_list=0x000001e5405cf4d0, length=127, elements={
0x000001e51f3bb6c0, 0x000001e53b2844c0, 0x000001e53b286c70, 0x000001e53b2cb010,
0x000001e53b2cd8e0, 0x000001e53b2ce940, 0x000001e53b2cf9a0, 0x000001e53bc17500,
0x000001e53bc19e10, 0x000001e53bc1aeb0, 0x000001e53bd81cd0, 0x000001e53bda82e0,
0x000001e53d2bb2c0, 0x000001e53d494340, 0x000001e53d2f15a0, 0x000001e53d2ea780,
0x000001e53d2eac50, 0x000001e53e07c230, 0x000001e53e07c700, 0x000001e53e07d570,
0x000001e53e07cbd0, 0x000001e53e07a550, 0x000001e53e07b3c0, 0x000001e53e07aa20,
0x000001e53e07aef0, 0x000001e53e07b890, 0x000001e53e07d0a0, 0x000001e53e07da40,
0x000001e53e07bd60, 0x000001e53e07a080, 0x000001e54016ab00, 0x000001e54016a630,
0x000001e5401697c0, 0x000001e540166c70, 0x000001e54016c310, 0x000001e54016b4a0,
0x000001e540167ae0, 0x000001e54016be40, 0x000001e54016c7e0, 0x000001e540167fb0,
0x000001e540169c90, 0x000001e54016d180, 0x000001e5401662d0, 0x000001e540168950,
0x000001e54016a160, 0x000001e5401667a0, 0x000001e540167610, 0x000001e5401692f0,
0x000001e53cb25bd0, 0x000001e53cb213a0, 0x000001e53cb20060, 0x000001e53cb25700,
0x000001e53cb23080, 0x000001e53cb20ed0, 0x000001e53cb23550, 0x000001e53cb20530,
0x000001e53cb23a20, 0x000001e53cb26a40, 0x000001e53cb25230, 0x000001e53cb260a0,
0x000001e53cb23ef0, 0x000001e53cb278b0, 0x000001e53cb26f10, 0x000001e53cb22bb0,
0x000001e53cb26570, 0x000001e53cb243c0, 0x000001e53cb20a00, 0x000001e53cb24890,
0x000001e53cb273e0, 0x000001e53cb21870, 0x000001e53cb21d40, 0x000001e53cb22210,
0x000001e53cb24d60, 0x000001e53cb226e0, 0x000001e540a36cf0, 0x000001e540a36820,
0x000001e540a371c0, 0x000001e540a37b60, 0x000001e540a37690, 0x000001e540a359b0,
0x000001e540a33330, 0x000001e540a38030, 0x000001e540a354e0, 0x000001e540a38500,
0x000001e540a33800, 0x000001e540a389d0, 0x000001e540a33cd0, 0x000001e540a341a0,
0x000001e540a34670, 0x000001e540a35010, 0x000001e540a32e60, 0x000001e540a36350,
0x000001e540a35e80, 0x000001e540a38ea0, 0x000001e540a39370, 0x000001e540a39840,
0x000001e540a39d10, 0x000001e540a3a1e0, 0x000001e540a34b40, 0x000001e540a32990,
0x000001e53e1546e0, 0x000001e53e14f510, 0x000001e53e152a00, 0x000001e53e155a20,
0x000001e53e14f9e0, 0x000001e53e14f040, 0x000001e53e155550, 0x000001e53e154bb0,
0x000001e53e155ef0, 0x000001e53e14eb70, 0x000001e53e155080, 0x000001e53e14e6a0,
0x000001e53e150850, 0x000001e53e153870, 0x000001e53e14feb0, 0x000001e53e150d20,
0x000001e53e150380, 0x000001e53e1516c0, 0x000001e53e152530, 0x000001e53e153d40,
0x000001e53e1511f0, 0x000001e53e151b90, 0x000001e53e152060, 0x000001e53e154210,
0x000001e53e1533a0, 0x000001e543088550, 0x000001e543088a20
}

Java Threads: ( => current thread )
  0x000001e51f3bb6c0 JavaThread "main" [_thread_blocked, id=15664, stack(0x0000006a0bf00000,0x0000006a0c000000)]
  0x000001e53b2844c0 JavaThread "Reference Handler" daemon [_thread_blocked, id=15364, stack(0x0000006a0c600000,0x0000006a0c700000)]
  0x000001e53b286c70 JavaThread "Finalizer" daemon [_thread_blocked, id=13640, stack(0x0000006a0c700000,0x0000006a0c800000)]
  0x000001e53b2cb010 JavaThread "Signal Dispatcher" daemon [_thread_blocked, id=13580, stack(0x0000006a0c800000,0x0000006a0c900000)]
  0x000001e53b2cd8e0 JavaThread "Attach Listener" daemon [_thread_blocked, id=13644, stack(0x0000006a0c900000,0x0000006a0ca00000)]
  0x000001e53b2ce940 JavaThread "Service Thread" daemon [_thread_blocked, id=14636, stack(0x0000006a0ca00000,0x0000006a0cb00000)]
  0x000001e53b2cf9a0 JavaThread "Monitor Deflation Thread" daemon [_thread_blocked, id=15696, stack(0x0000006a0cb00000,0x0000006a0cc00000)]
  0x000001e53bc17500 JavaThread "C2 CompilerThread0" daemon [_thread_blocked, id=7832, stack(0x0000006a0cc00000,0x0000006a0cd00000)]
  0x000001e53bc19e10 JavaThread "C1 CompilerThread0" daemon [_thread_blocked, id=4356, stack(0x0000006a0cd00000,0x0000006a0ce00000)]
  0x000001e53bc1aeb0 JavaThread "Sweeper thread" daemon [_thread_blocked, id=16780, stack(0x0000006a0ce00000,0x0000006a0cf00000)]
  0x000001e53bd81cd0 JavaThread "Common-Cleaner" daemon [_thread_blocked, id=7400, stack(0x0000006a0cf00000,0x0000006a0d000000)]
  0x000001e53bda82e0 JavaThread "Notification Thread" daemon [_thread_blocked, id=13848, stack(0x0000006a0d000000,0x0000006a0d100000)]
  0x000001e53d2bb2c0 JavaThread "Daemon health stats" [_thread_blocked, id=12824, stack(0x0000006a0d600000,0x0000006a0d700000)]
  0x000001e53d494340 JavaThread "Incoming local TCP Connector on port 50123" [_thread_in_native, id=12844, stack(0x0000006a0d700000,0x0000006a0d800000)]
  0x000001e53d2f15a0 JavaThread "Daemon periodic checks" [_thread_blocked, id=12904, stack(0x0000006a0d800000,0x0000006a0d900000)]
  0x000001e53d2ea780 JavaThread "Daemon" [_thread_blocked, id=12892, stack(0x0000006a0d900000,0x0000006a0da00000)]
  0x000001e53d2eac50 JavaThread "Handler for socket connection from /127.0.0.1:50123 to /127.0.0.1:50124" [_thread_in_native, id=11828, stack(0x0000006a0da00000,0x0000006a0db00000)]
  0x000001e53e07c230 JavaThread "Cancel handler" [_thread_blocked, id=13232, stack(0x0000006a0db00000,0x0000006a0dc00000)]
  0x000001e53e07c700 JavaThread "Daemon worker" [_thread_blocked, id=13000, stack(0x0000006a0dc00000,0x0000006a0dd00000)]
  0x000001e53e07d570 JavaThread "Asynchronous log dispatcher for DefaultDaemonConnection: socket connection from /127.0.0.1:50123 to /127.0.0.1:50124" [_thread_blocked, id=13136, stack(0x0000006a0dd00000,0x0000006a0de00000)]
  0x000001e53e07cbd0 JavaThread "Stdin handler" [_thread_blocked, id=13032, stack(0x0000006a0de00000,0x0000006a0df00000)]
  0x000001e53e07a550 JavaThread "Daemon client event forwarder" [_thread_blocked, id=2300, stack(0x0000006a0df00000,0x0000006a0e000000)]
  0x000001e53e07b3c0 JavaThread "Cache worker for journal cache (C:\Users\Ryzen\.gradle\caches\journal-1)" [_thread_blocked, id=13252, stack(0x0000006a0e400000,0x0000006a0e500000)]
  0x000001e53e07aa20 JavaThread "File lock request listener" [_thread_in_native, id=12828, stack(0x0000006a0e500000,0x0000006a0e600000)]
  0x000001e53e07aef0 JavaThread "Cache worker for file hash cache (C:\Users\Ryzen\.gradle\caches\8.0\fileHashes)" [_thread_blocked, id=10956, stack(0x0000006a0e600000,0x0000006a0e700000)]
  0x000001e53e07b890 JavaThread "File watcher server" daemon [_thread_in_native, id=13052, stack(0x0000006a0e700000,0x0000006a0e800000)]
  0x000001e53e07d0a0 JavaThread "File watcher consumer" daemon [_thread_blocked, id=12860, stack(0x0000006a0e800000,0x0000006a0e900000)]
  0x000001e53e07da40 JavaThread "jar transforms" [_thread_blocked, id=13080, stack(0x0000006a0e900000,0x0000006a0ea00000)]
  0x000001e53e07bd60 JavaThread "jar transforms Thread 2" [_thread_blocked, id=3340, stack(0x0000006a0ea00000,0x0000006a0eb00000)]
  0x000001e53e07a080 JavaThread "jar transforms Thread 3" [_thread_blocked, id=1780, stack(0x0000006a0eb00000,0x0000006a0ec00000)]
  0x000001e54016ab00 JavaThread "jar transforms Thread 4" [_thread_blocked, id=3992, stack(0x0000006a0ec00000,0x0000006a0ed00000)]
  0x000001e54016a630 JavaThread "jar transforms Thread 5" [_thread_blocked, id=14056, stack(0x0000006a0ed00000,0x0000006a0ee00000)]
  0x000001e5401697c0 JavaThread "jar transforms Thread 6" [_thread_blocked, id=15408, stack(0x0000006a0ee00000,0x0000006a0ef00000)]
  0x000001e540166c70 JavaThread "jar transforms Thread 7" [_thread_blocked, id=13076, stack(0x0000006a0ef00000,0x0000006a0f000000)]
  0x000001e54016c310 JavaThread "jar transforms Thread 8" [_thread_blocked, id=15308, stack(0x0000006a0f000000,0x0000006a0f100000)]
  0x000001e54016b4a0 JavaThread "Cache worker for checksums cache (C:\Users\Ryzen\AndroidStudioProjects\2023-2-proj-final-hush-hush-app\.gradle\8.0\checksums)" [_thread_blocked, id=14476, stack(0x0000006a0f100000,0x0000006a0f200000)]
  0x000001e540167ae0 JavaThread "Cache worker for cache directory md-rule (C:\Users\Ryzen\.gradle\caches\8.0\md-rule)" [_thread_blocked, id=14992, stack(0x0000006a0f200000,0x0000006a0f300000)]
  0x000001e54016be40 JavaThread "Cache worker for file content cache (C:\Users\Ryzen\.gradle\caches\8.0\fileContent)" [_thread_blocked, id=15588, stack(0x0000006a0f300000,0x0000006a0f400000)]
  0x000001e54016c7e0 JavaThread "Cache worker for file hash cache (C:\Users\Ryzen\AndroidStudioProjects\2023-2-proj-final-hush-hush-app\.gradle\8.0\fileHashes)" [_thread_blocked, id=15580, stack(0x0000006a0f400000,0x0000006a0f500000)]
  0x000001e540167fb0 JavaThread "Cache worker for cache directory md-supplier (C:\Users\Ryzen\.gradle\caches\8.0\md-supplier)" [_thread_blocked, id=13924, stack(0x0000006a0f500000,0x0000006a0f600000)]
  0x000001e540169c90 JavaThread "Cache worker for execution history cache (C:\Users\Ryzen\.gradle\caches\8.0\executionHistory)" [_thread_blocked, id=12740, stack(0x0000006a0f600000,0x0000006a0f700000)]
  0x000001e54016d180 JavaThread "Cache worker for kotlin-dsl (C:\Users\Ryzen\.gradle\caches\8.0\kotlin-dsl)" [_thread_blocked, id=14456, stack(0x0000006a0f700000,0x0000006a0f800000)]
  0x000001e5401662d0 JavaThread "Cache worker for dependencies-accessors (C:\Users\Ryzen\AndroidStudioProjects\2023-2-proj-final-hush-hush-app\.gradle\8.0\dependencies-accessors)" [_thread_blocked, id=14340, stack(0x0000006a0f800000,0x0000006a0f900000)]
  0x000001e540168950 JavaThread "Cache worker for Build Output Cleanup Cache (C:\Users\Ryzen\AndroidStudioProjects\2023-2-proj-final-hush-hush-app\.gradle\buildOutputCleanup)" [_thread_blocked, id=13564, stack(0x0000006a0f900000,0x0000006a0fa00000)]
  0x000001e54016a160 JavaThread "Unconstrained build operations" [_thread_blocked, id=12208, stack(0x0000006a0fa00000,0x0000006a0fb00000)]
  0x000001e5401667a0 JavaThread "Unconstrained build operations Thread 2" [_thread_blocked, id=14400, stack(0x0000006a0fb00000,0x0000006a0fc00000)]
  0x000001e540167610 JavaThread "Unconstrained build operations Thread 3" [_thread_blocked, id=14076, stack(0x0000006a0fc00000,0x0000006a0fd00000)]
  0x000001e5401692f0 JavaThread "Unconstrained build operations Thread 4" [_thread_blocked, id=14236, stack(0x0000006a0fd00000,0x0000006a0fe00000)]
  0x000001e53cb25bd0 JavaThread "Unconstrained build operations Thread 5" [_thread_blocked, id=14272, stack(0x0000006a0fe00000,0x0000006a0ff00000)]
  0x000001e53cb213a0 JavaThread "Unconstrained build operations Thread 6" [_thread_blocked, id=11944, stack(0x0000006a0ff00000,0x0000006a10000000)]
  0x000001e53cb20060 JavaThread "Unconstrained build operations Thread 7" [_thread_blocked, id=14624, stack(0x0000006a10000000,0x0000006a10100000)]
  0x000001e53cb25700 JavaThread "Unconstrained build operations Thread 8" [_thread_blocked, id=15524, stack(0x0000006a10100000,0x0000006a10200000)]
  0x000001e53cb23080 JavaThread "Unconstrained build operations Thread 9" [_thread_blocked, id=2384, stack(0x0000006a10200000,0x0000006a10300000)]
  0x000001e53cb20ed0 JavaThread "Unconstrained build operations Thread 10" [_thread_blocked, id=3440, stack(0x0000006a10300000,0x0000006a10400000)]
  0x000001e53cb23550 JavaThread "Unconstrained build operations Thread 11" [_thread_blocked, id=11128, stack(0x0000006a10400000,0x0000006a10500000)]
  0x000001e53cb20530 JavaThread "Unconstrained build operations Thread 12" [_thread_blocked, id=15508, stack(0x0000006a10500000,0x0000006a10600000)]
  0x000001e53cb23a20 JavaThread "Unconstrained build operations Thread 13" [_thread_blocked, id=15540, stack(0x0000006a10600000,0x0000006a10700000)]
  0x000001e53cb26a40 JavaThread "Unconstrained build operations Thread 14" [_thread_blocked, id=8644, stack(0x0000006a10700000,0x0000006a10800000)]
  0x000001e53cb25230 JavaThread "Unconstrained build operations Thread 15" [_thread_blocked, id=7224, stack(0x0000006a10800000,0x0000006a10900000)]
  0x000001e53cb260a0 JavaThread "Unconstrained build operations Thread 16" [_thread_blocked, id=9520, stack(0x0000006a10900000,0x0000006a10a00000)]
  0x000001e53cb23ef0 JavaThread "Unconstrained build operations Thread 17" [_thread_blocked, id=2480, stack(0x0000006a10a00000,0x0000006a10b00000)]
  0x000001e53cb278b0 JavaThread "Unconstrained build operations Thread 18" [_thread_blocked, id=5172, stack(0x0000006a10b00000,0x0000006a10c00000)]
  0x000001e53cb26f10 JavaThread "Unconstrained build operations Thread 19" [_thread_blocked, id=6360, stack(0x0000006a10c00000,0x0000006a10d00000)]
  0x000001e53cb22bb0 JavaThread "Unconstrained build operations Thread 20" [_thread_blocked, id=12932, stack(0x0000006a10d00000,0x0000006a10e00000)]
  0x000001e53cb26570 JavaThread "Unconstrained build operations Thread 21" [_thread_blocked, id=13704, stack(0x0000006a10e00000,0x0000006a10f00000)]
  0x000001e53cb243c0 JavaThread "Unconstrained build operations Thread 22" [_thread_blocked, id=12804, stack(0x0000006a10f00000,0x0000006a11000000)]
  0x000001e53cb20a00 JavaThread "Unconstrained build operations Thread 23" [_thread_blocked, id=12540, stack(0x0000006a11000000,0x0000006a11100000)]
  0x000001e53cb24890 JavaThread "Unconstrained build operations Thread 24" [_thread_blocked, id=14496, stack(0x0000006a11100000,0x0000006a11200000)]
  0x000001e53cb273e0 JavaThread "Unconstrained build operations Thread 25" [_thread_blocked, id=12916, stack(0x0000006a11200000,0x0000006a11300000)]
  0x000001e53cb21870 JavaThread "Unconstrained build operations Thread 26" [_thread_blocked, id=732, stack(0x0000006a11300000,0x0000006a11400000)]
  0x000001e53cb21d40 JavaThread "Unconstrained build operations Thread 27" [_thread_blocked, id=14040, stack(0x0000006a11400000,0x0000006a11500000)]
  0x000001e53cb22210 JavaThread "Unconstrained build operations Thread 28" [_thread_blocked, id=12756, stack(0x0000006a11500000,0x0000006a11600000)]
  0x000001e53cb24d60 JavaThread "Unconstrained build operations Thread 29" [_thread_blocked, id=14012, stack(0x0000006a11600000,0x0000006a11700000)]
  0x000001e53cb226e0 JavaThread "Unconstrained build operations Thread 30" [_thread_blocked, id=12808, stack(0x0000006a11700000,0x0000006a11800000)]
  0x000001e540a36cf0 JavaThread "Unconstrained build operations Thread 31" [_thread_blocked, id=13816, stack(0x0000006a11800000,0x0000006a11900000)]
  0x000001e540a36820 JavaThread "Unconstrained build operations Thread 32" [_thread_blocked, id=13740, stack(0x0000006a11900000,0x0000006a11a00000)]
  0x000001e540a371c0 JavaThread "Unconstrained build operations Thread 33" [_thread_blocked, id=12692, stack(0x0000006a11a00000,0x0000006a11b00000)]
  0x000001e540a37b60 JavaThread "Unconstrained build operations Thread 34" [_thread_blocked, id=11592, stack(0x0000006a11b00000,0x0000006a11c00000)]
  0x000001e540a37690 JavaThread "Unconstrained build operations Thread 35" [_thread_blocked, id=5448, stack(0x0000006a11c00000,0x0000006a11d00000)]
  0x000001e540a359b0 JavaThread "Unconstrained build operations Thread 36" [_thread_blocked, id=12936, stack(0x0000006a11d00000,0x0000006a11e00000)]
  0x000001e540a33330 JavaThread "Unconstrained build operations Thread 37" [_thread_blocked, id=13872, stack(0x0000006a11e00000,0x0000006a11f00000)]
  0x000001e540a38030 JavaThread "Unconstrained build operations Thread 38" [_thread_blocked, id=6264, stack(0x0000006a11f00000,0x0000006a12000000)]
  0x000001e540a354e0 JavaThread "Unconstrained build operations Thread 39" [_thread_blocked, id=3056, stack(0x0000006a12000000,0x0000006a12100000)]
  0x000001e540a38500 JavaThread "Unconstrained build operations Thread 40" [_thread_blocked, id=12920, stack(0x0000006a12100000,0x0000006a12200000)]
  0x000001e540a33800 JavaThread "Unconstrained build operations Thread 41" [_thread_blocked, id=12788, stack(0x0000006a12200000,0x0000006a12300000)]
  0x000001e540a389d0 JavaThread "Unconstrained build operations Thread 42" [_thread_blocked, id=11480, stack(0x0000006a12300000,0x0000006a12400000)]
  0x000001e540a33cd0 JavaThread "Unconstrained build operations Thread 43" [_thread_blocked, id=8972, stack(0x0000006a12400000,0x0000006a12500000)]
  0x000001e540a341a0 JavaThread "Unconstrained build operations Thread 44" [_thread_blocked, id=15640, stack(0x0000006a12500000,0x0000006a12600000)]
  0x000001e540a34670 JavaThread "Unconstrained build operations Thread 45" [_thread_blocked, id=13064, stack(0x0000006a12600000,0x0000006a12700000)]
  0x000001e540a35010 JavaThread "Unconstrained build operations Thread 46" [_thread_blocked, id=13992, stack(0x0000006a12700000,0x0000006a12800000)]
  0x000001e540a32e60 JavaThread "Unconstrained build operations Thread 47" [_thread_blocked, id=12728, stack(0x0000006a12800000,0x0000006a12900000)]
  0x000001e540a36350 JavaThread "Unconstrained build operations Thread 48" [_thread_blocked, id=8944, stack(0x0000006a12900000,0x0000006a12a00000)]
  0x000001e540a35e80 JavaThread "Unconstrained build operations Thread 49" [_thread_blocked, id=12512, stack(0x0000006a12a00000,0x0000006a12b00000)]
  0x000001e540a38ea0 JavaThread "Unconstrained build operations Thread 50" [_thread_blocked, id=13884, stack(0x0000006a12b00000,0x0000006a12c00000)]
  0x000001e540a39370 JavaThread "Unconstrained build operations Thread 51" [_thread_blocked, id=12628, stack(0x0000006a12c00000,0x0000006a12d00000)]
  0x000001e540a39840 JavaThread "Unconstrained build operations Thread 52" [_thread_blocked, id=12772, stack(0x0000006a12d00000,0x0000006a12e00000)]
  0x000001e540a39d10 JavaThread "Unconstrained build operations Thread 53" [_thread_blocked, id=15616, stack(0x0000006a12e00000,0x0000006a12f00000)]
  0x000001e540a3a1e0 JavaThread "Unconstrained build operations Thread 54" [_thread_blocked, id=5772, stack(0x0000006a12f00000,0x0000006a13000000)]
  0x000001e540a34b40 JavaThread "Unconstrained build operations Thread 55" [_thread_blocked, id=5372, stack(0x0000006a13000000,0x0000006a13100000)]
  0x000001e540a32990 JavaThread "Unconstrained build operations Thread 56" [_thread_blocked, id=5808, stack(0x0000006a13100000,0x0000006a13200000)]
  0x000001e53e1546e0 JavaThread "Unconstrained build operations Thread 57" [_thread_blocked, id=11976, stack(0x0000006a13200000,0x0000006a13300000)]
  0x000001e53e14f510 JavaThread "Unconstrained build operations Thread 58" [_thread_blocked, id=4816, stack(0x0000006a13300000,0x0000006a13400000)]
  0x000001e53e152a00 JavaThread "Unconstrained build operations Thread 59" [_thread_blocked, id=16640, stack(0x0000006a13400000,0x0000006a13500000)]
  0x000001e53e155a20 JavaThread "Unconstrained build operations Thread 60" [_thread_blocked, id=16716, stack(0x0000006a13500000,0x0000006a13600000)]
  0x000001e53e14f9e0 JavaThread "Unconstrained build operations Thread 61" [_thread_blocked, id=7668, stack(0x0000006a13600000,0x0000006a13700000)]
  0x000001e53e14f040 JavaThread "Unconstrained build operations Thread 62" [_thread_blocked, id=8916, stack(0x0000006a13700000,0x0000006a13800000)]
  0x000001e53e155550 JavaThread "Unconstrained build operations Thread 63" [_thread_blocked, id=15444, stack(0x0000006a13800000,0x0000006a13900000)]
  0x000001e53e154bb0 JavaThread "Unconstrained build operations Thread 64" [_thread_blocked, id=11688, stack(0x0000006a13900000,0x0000006a13a00000)]
  0x000001e53e155ef0 JavaThread "Unconstrained build operations Thread 65" [_thread_blocked, id=16684, stack(0x0000006a13a00000,0x0000006a13b00000)]
  0x000001e53e14eb70 JavaThread "Unconstrained build operations Thread 66" [_thread_blocked, id=6060, stack(0x0000006a13b00000,0x0000006a13c00000)]
  0x000001e53e155080 JavaThread "Unconstrained build operations Thread 67" [_thread_blocked, id=17104, stack(0x0000006a13c00000,0x0000006a13d00000)]
  0x000001e53e14e6a0 JavaThread "Unconstrained build operations Thread 68" [_thread_blocked, id=17296, stack(0x0000006a13d00000,0x0000006a13e00000)]
  0x000001e53e150850 JavaThread "Unconstrained build operations Thread 69" [_thread_blocked, id=17292, stack(0x0000006a13e00000,0x0000006a13f00000)]
  0x000001e53e153870 JavaThread "Unconstrained build operations Thread 70" [_thread_blocked, id=17300, stack(0x0000006a13f00000,0x0000006a14000000)]
  0x000001e53e14feb0 JavaThread "Unconstrained build operations Thread 71" [_thread_blocked, id=17304, stack(0x0000006a14000000,0x0000006a14100000)]
  0x000001e53e150d20 JavaThread "Unconstrained build operations Thread 72" [_thread_blocked, id=17284, stack(0x0000006a14100000,0x0000006a14200000)]
  0x000001e53e150380 JavaThread "Unconstrained build operations Thread 73" [_thread_blocked, id=17288, stack(0x0000006a14200000,0x0000006a14300000)]
  0x000001e53e1516c0 JavaThread "Unconstrained build operations Thread 74" [_thread_blocked, id=17256, stack(0x0000006a14300000,0x0000006a14400000)]
  0x000001e53e152530 JavaThread "Unconstrained build operations Thread 75" [_thread_blocked, id=17252, stack(0x0000006a14400000,0x0000006a14500000)]
  0x000001e53e153d40 JavaThread "Unconstrained build operations Thread 76" [_thread_blocked, id=2348, stack(0x0000006a14500000,0x0000006a14600000)]
  0x000001e53e1511f0 JavaThread "Unconstrained build operations Thread 77" [_thread_blocked, id=13324, stack(0x0000006a14600000,0x0000006a14700000)]
  0x000001e53e151b90 JavaThread "Unconstrained build operations Thread 78" [_thread_blocked, id=12852, stack(0x0000006a14700000,0x0000006a14800000)]
  0x000001e53e152060 JavaThread "Unconstrained build operations Thread 79" [_thread_blocked, id=12964, stack(0x0000006a14800000,0x0000006a14900000)]
  0x000001e53e154210 JavaThread "Unconstrained build operations Thread 80" [_thread_blocked, id=12776, stack(0x0000006a14900000,0x0000006a14a00000)]
  0x000001e53e1533a0 JavaThread "Memory manager" [_thread_blocked, id=3928, stack(0x0000006a14a00000,0x0000006a14b00000)]
  0x000001e543088550 JavaThread "build event listener" [_thread_blocked, id=9692, stack(0x0000006a14b00000,0x0000006a14c00000)]
  0x000001e543088a20 JavaThread "build event listener" [_thread_blocked, id=12968, stack(0x0000006a14c00000,0x0000006a14d00000)]

Other Threads:
=>0x000001e53b281450 VMThread "VM Thread" [stack: 0x0000006a0c500000,0x0000006a0c600000] [id=13624]
  0x000001e53bda9fd0 WatcherThread [stack: 0x0000006a0d100000,0x0000006a0d200000] [id=3880]
  0x000001e5214b6190 GCTaskThread "GC Thread#0" [stack: 0x0000006a0c000000,0x0000006a0c100000] [id=13756]
  0x000001e53c374e50 GCTaskThread "GC Thread#1" [stack: 0x0000006a0d200000,0x0000006a0d300000] [id=7360]
  0x000001e53c3760c0 GCTaskThread "GC Thread#2" [stack: 0x0000006a0d300000,0x0000006a0d400000] [id=14988]
  0x000001e53c5a0900 GCTaskThread "GC Thread#3" [stack: 0x0000006a0d400000,0x0000006a0d500000] [id=12816]
  0x000001e53beeeb60 GCTaskThread "GC Thread#4" [stack: 0x0000006a0d500000,0x0000006a0d600000] [id=12820]
  0x000001e53d764310 GCTaskThread "GC Thread#5" [stack: 0x0000006a0e000000,0x0000006a0e100000] [id=32]
  0x000001e53d7645c0 GCTaskThread "GC Thread#6" [stack: 0x0000006a0e100000,0x0000006a0e200000] [id=14620]
  0x000001e53e245d10 GCTaskThread "GC Thread#7" [stack: 0x0000006a0e200000,0x0000006a0e300000] [id=13376]
  0x000001e5214c7780 ConcurrentGCThread "G1 Main Marker" [stack: 0x0000006a0c100000,0x0000006a0c200000] [id=5928]
  0x000001e5214c80a0 ConcurrentGCThread "G1 Conc#0" [stack: 0x0000006a0c200000,0x0000006a0c300000] [id=6384]
  0x000001e53d702880 ConcurrentGCThread "G1 Conc#1" [stack: 0x0000006a0e300000,0x0000006a0e400000] [id=13384]
  0x000001e53b0f0090 ConcurrentGCThread "G1 Refine#0" [stack: 0x0000006a0c300000,0x0000006a0c400000] [id=13656]
  0x000001e53e13c030 ConcurrentGCThread "G1 Refine#1" [stack: 0x0000006a14d00000,0x0000006a14e00000] [id=13012]
  0x000001e53e13cbb0 ConcurrentGCThread "G1 Refine#2" [stack: 0x0000006a14e00000,0x0000006a14f00000] [id=12856]
  0x000001e53e13aef0 ConcurrentGCThread "G1 Refine#3" [stack: 0x0000006a14f00000,0x0000006a15000000] [id=13028]
  0x000001e53e13ba70 ConcurrentGCThread "G1 Refine#4" [stack: 0x0000006a15000000,0x0000006a15100000] [id=12868]
  0x000001e53e13bd50 ConcurrentGCThread "G1 Refine#5" [stack: 0x0000006a15100000,0x0000006a15200000] [id=1976]
  0x000001e53e13d170 ConcurrentGCThread "G1 Refine#6" [stack: 0x0000006a15200000,0x0000006a15300000] [id=13968]
  0x000001e53b0f18d0 ConcurrentGCThread "G1 Service" [stack: 0x0000006a0c400000,0x0000006a0c500000] [id=14192]

Threads with active compile tasks:
C2 CompilerThread0    22466 8414 %     4       org.jetbrains.kotlin.com.intellij.openapi.vfs.impl.jar.CoreJarHandler::<init> @ 64 (236 bytes)

VM state: at safepoint (normal execution)

VM Mutex/Monitor currently owned by a thread:  ([mutex/lock_event])
[0x000001e521456d80] Threads_lock - owner thread: 0x000001e53b281450
[0x000001e521458010] Heap_lock - owner thread: 0x000001e5214c7780

Heap address: 0x0000000080000000, size: 2048 MB, Compressed Oops mode: 32-bit

CDS archive(s) not mapped
Compressed class space mapped at: 0x0000000100000000-0x0000000140000000, reserved size: 1073741824
Narrow klass base: 0x0000000000000000, Narrow klass shift: 3, Narrow klass range: 0x140000000

GC Precious Log:
 CPUs: 8 total, 8 available
 Memory: 6092M
 Large Page Support: Disabled
 NUMA Support: Disabled
 Compressed Oops: Enabled (32-bit)
 Heap Region Size: 1M
 Heap Min Capacity: 8M
 Heap Initial Capacity: 96M
 Heap Max Capacity: 2G
 Pre-touch: Disabled
 Parallel Workers: 8
 Concurrent Workers: 2
 Concurrent Refinement Workers: 8
 Periodic GC: Disabled

Heap:
 garbage-first heap   total 199680K, used 146776K [0x0000000080000000, 0x0000000100000000)
  region size 1024K, 19 young (19456K), 5 survivors (5120K)
 Metaspace       used 92412K, committed 93184K, reserved 1130496K
  class space    used 12779K, committed 13120K, reserved 1048576K

Heap Regions: E=young(eden), S=young(survivor), O=old, HS=humongous(starts), HC=humongous(continues), CS=collection set, F=free, OA=open archive, CA=closed archive, TAMS=top-at-mark-start (previous, next)
|   0|0x0000000080000000, 0x0000000080100000, 0x0000000080100000|100%|HS|  |TAMS 0x0000000080100000, 0x0000000080000000| Complete 
|   1|0x0000000080100000, 0x0000000080200000, 0x0000000080200000|100%|HC|  |TAMS 0x0000000080200000, 0x0000000080100000| Complete 
|   2|0x0000000080200000, 0x0000000080300000, 0x0000000080300000|100%|HC|  |TAMS 0x0000000080300000, 0x0000000080200000| Complete 
|   3|0x0000000080300000, 0x0000000080400000, 0x0000000080400000|100%|HC|  |TAMS 0x0000000080400000, 0x0000000080300000| Complete 
|   4|0x0000000080400000, 0x0000000080500000, 0x0000000080500000|100%| O|  |TAMS 0x0000000080500000, 0x0000000080400000| Untracked 
|   5|0x0000000080500000, 0x0000000080600000, 0x0000000080600000|100%| O|  |TAMS 0x0000000080600000, 0x0000000080500000| Untracked 
|   6|0x0000000080600000, 0x0000000080700000, 0x0000000080700000|100%| O|  |TAMS 0x0000000080700000, 0x0000000080600000| Untracked 
|   7|0x0000000080700000, 0x0000000080800000, 0x0000000080800000|100%| O|  |TAMS 0x0000000080800000, 0x0000000080700000| Untracked 
|   8|0x0000000080800000, 0x0000000080900000, 0x0000000080900000|100%| O|  |TAMS 0x0000000080900000, 0x0000000080800000| Untracked 
|   9|0x0000000080900000, 0x0000000080a00000, 0x0000000080a00000|100%| O|  |TAMS 0x0000000080a00000, 0x0000000080900000| Untracked 
|  10|0x0000000080a00000, 0x0000000080b00000, 0x0000000080b00000|100%| O|  |TAMS 0x0000000080b00000, 0x0000000080a00000| Updating 
|  11|0x0000000080b00000, 0x0000000080c00000, 0x0000000080c00000|100%| O|  |TAMS 0x0000000080c00000, 0x0000000080b00000| Untracked 
|  12|0x0000000080c00000, 0x0000000080d00000, 0x0000000080d00000|100%| O|  |TAMS 0x0000000080d00000, 0x0000000080c00000| Untracked 
|  13|0x0000000080d00000, 0x0000000080e00000, 0x0000000080e00000|100%| O|  |TAMS 0x0000000080e00000, 0x0000000080d00000| Untracked 
|  14|0x0000000080e00000, 0x0000000080f00000, 0x0000000080f00000|100%| O|  |TAMS 0x0000000080f00000, 0x0000000080e00000| Untracked 
|  15|0x0000000080f00000, 0x0000000081000000, 0x0000000081000000|100%| O|  |TAMS 0x0000000081000000, 0x0000000080f00000| Untracked 
|  16|0x0000000081000000, 0x0000000081100000, 0x0000000081100000|100%| O|  |TAMS 0x0000000081100000, 0x0000000081000000| Untracked 
|  17|0x0000000081100000, 0x0000000081200000, 0x0000000081200000|100%| O|  |TAMS 0x0000000081200000, 0x0000000081100000| Untracked 
|  18|0x0000000081200000, 0x0000000081300000, 0x0000000081300000|100%| O|  |TAMS 0x0000000081300000, 0x0000000081200000| Updating 
|  19|0x0000000081300000, 0x0000000081400000, 0x0000000081400000|100%|HS|  |TAMS 0x0000000081400000, 0x0000000081300000| Complete 
|  20|0x0000000081400000, 0x0000000081500000, 0x0000000081500000|100%|HC|  |TAMS 0x0000000081500000, 0x0000000081400000| Complete 
|  21|0x0000000081500000, 0x0000000081600000, 0x0000000081600000|100%|HS|  |TAMS 0x0000000081600000, 0x0000000081500000| Complete 
|  22|0x0000000081600000, 0x0000000081700000, 0x0000000081700000|100%|HC|  |TAMS 0x0000000081700000, 0x0000000081600000| Complete 
|  23|0x0000000081700000, 0x0000000081800000, 0x0000000081800000|100%|HC|  |TAMS 0x0000000081800000, 0x0000000081700000| Complete 
|  24|0x0000000081800000, 0x0000000081900000, 0x0000000081900000|100%| O|  |TAMS 0x0000000081900000, 0x0000000081800000| Untracked 
|  25|0x0000000081900000, 0x0000000081a00000, 0x0000000081a00000|100%| O|  |TAMS 0x0000000081a00000, 0x0000000081900000| Updating 
|  26|0x0000000081a00000, 0x0000000081b00000, 0x0000000081b00000|100%| O|  |TAMS 0x0000000081b00000, 0x0000000081a00000| Updating 
|  27|0x0000000081b00000, 0x0000000081c00000, 0x0000000081c00000|100%|HS|  |TAMS 0x0000000081c00000, 0x0000000081b00000| Complete 
|  28|0x0000000081c00000, 0x0000000081d00000, 0x0000000081d00000|100%|HC|  |TAMS 0x0000000081d00000, 0x0000000081c00000| Complete 
|  29|0x0000000081d00000, 0x0000000081e00000, 0x0000000081e00000|100%|HC|  |TAMS 0x0000000081e00000, 0x0000000081d00000| Complete 
|  30|0x0000000081e00000, 0x0000000081f00000, 0x0000000081f00000|100%| O|  |TAMS 0x0000000081f00000, 0x0000000081e00000| Untracked 
|  31|0x0000000081f00000, 0x0000000082000000, 0x0000000082000000|100%| O|  |TAMS 0x0000000082000000, 0x0000000081f00000| Updating 
|  32|0x0000000082000000, 0x0000000082100000, 0x0000000082100000|100%|HS|  |TAMS 0x0000000082100000, 0x0000000082000000| Complete 
|  33|0x0000000082100000, 0x0000000082200000, 0x0000000082200000|100%|HC|  |TAMS 0x0000000082200000, 0x0000000082100000| Complete 
|  34|0x0000000082200000, 0x0000000082300000, 0x0000000082300000|100%|HC|  |TAMS 0x0000000082300000, 0x0000000082200000| Complete 
|  35|0x0000000082300000, 0x0000000082400000, 0x0000000082400000|100%|HC|  |TAMS 0x0000000082400000, 0x0000000082300000| Complete 
|  36|0x0000000082400000, 0x0000000082500000, 0x0000000082500000|100%|HC|  |TAMS 0x0000000082500000, 0x0000000082400000| Complete 
|  37|0x0000000082500000, 0x0000000082600000, 0x0000000082600000|100%|HC|  |TAMS 0x0000000082600000, 0x0000000082500000| Complete 
|  38|0x0000000082600000, 0x0000000082700000, 0x0000000082700000|100%|HC|  |TAMS 0x0000000082700000, 0x0000000082600000| Complete 
|  39|0x0000000082700000, 0x0000000082800000, 0x0000000082800000|100%|HC|  |TAMS 0x0000000082800000, 0x0000000082700000| Complete 
|  40|0x0000000082800000, 0x0000000082900000, 0x0000000082900000|100%|HC|  |TAMS 0x0000000082900000, 0x0000000082800000| Complete 
|  41|0x0000000082900000, 0x0000000082a00000, 0x0000000082a00000|100%|HC|  |TAMS 0x0000000082a00000, 0x0000000082900000| Complete 
|  42|0x0000000082a00000, 0x0000000082b00000, 0x0000000082b00000|100%|HC|  |TAMS 0x0000000082b00000, 0x0000000082a00000| Complete 
|  43|0x0000000082b00000, 0x0000000082c00000, 0x0000000082c00000|100%|HC|  |TAMS 0x0000000082c00000, 0x0000000082b00000| Complete 
|  44|0x0000000082c00000, 0x0000000082d00000, 0x0000000082d00000|100%| O|  |TAMS 0x0000000082d00000, 0x0000000082c00000| Updating 
|  45|0x0000000082d00000, 0x0000000082e00000, 0x0000000082e00000|100%|HS|  |TAMS 0x0000000082e00000, 0x0000000082d00000| Complete 
|  46|0x0000000082e00000, 0x0000000082f00000, 0x0000000082f00000|100%|HC|  |TAMS 0x0000000082f00000, 0x0000000082e00000| Complete 
|  47|0x0000000082f00000, 0x0000000083000000, 0x0000000083000000|100%| O|  |TAMS 0x0000000083000000, 0x0000000082f00000| Untracked 
|  48|0x0000000083000000, 0x0000000083100000, 0x0000000083100000|100%| O|  |TAMS 0x0000000083100000, 0x0000000083000000| Untracked 
|  49|0x0000000083100000, 0x0000000083200000, 0x0000000083200000|100%| O|  |TAMS 0x0000000083200000, 0x0000000083100000| Untracked 
|  50|0x0000000083200000, 0x0000000083300000, 0x0000000083300000|100%| O|  |TAMS 0x0000000083300000, 0x0000000083200000| Untracked 
|  51|0x0000000083300000, 0x0000000083400000, 0x0000000083400000|100%| O|  |TAMS 0x0000000083400000, 0x0000000083300000| Untracked 
|  52|0x0000000083400000, 0x0000000083500000, 0x0000000083500000|100%| O|  |TAMS 0x0000000083500000, 0x0000000083400000| Updating 
|  53|0x0000000083500000, 0x0000000083600000, 0x0000000083600000|100%| O|  |TAMS 0x0000000083600000, 0x0000000083500000| Untracked 
|  54|0x0000000083600000, 0x0000000083700000, 0x0000000083700000|100%| O|  |TAMS 0x0000000083700000, 0x0000000083600000| Untracked 
|  55|0x0000000083700000, 0x0000000083800000, 0x0000000083800000|100%| O|  |TAMS 0x0000000083800000, 0x0000000083700000| Updating 
|  56|0x0000000083800000, 0x0000000083900000, 0x0000000083900000|100%|HS|  |TAMS 0x0000000083900000, 0x0000000083800000| Complete 
|  57|0x0000000083900000, 0x0000000083a00000, 0x0000000083a00000|100%|HC|  |TAMS 0x0000000083a00000, 0x0000000083900000| Complete 
|  58|0x0000000083a00000, 0x0000000083b00000, 0x0000000083b00000|100%|HC|  |TAMS 0x0000000083b00000, 0x0000000083a00000| Complete 
|  59|0x0000000083b00000, 0x0000000083c00000, 0x0000000083c00000|100%|HS|  |TAMS 0x0000000083c00000, 0x0000000083b00000| Complete 
|  60|0x0000000083c00000, 0x0000000083d00000, 0x0000000083d00000|100%|HC|  |TAMS 0x0000000083d00000, 0x0000000083c00000| Complete 
|  61|0x0000000083d00000, 0x0000000083e00000, 0x0000000083e00000|100%|HC|  |TAMS 0x0000000083e00000, 0x0000000083d00000| Complete 
|  62|0x0000000083e00000, 0x0000000083f00000, 0x0000000083f00000|100%| O|  |TAMS 0x0000000083f00000, 0x0000000083e00000| Updating 
|  63|0x0000000083f00000, 0x0000000084000000, 0x0000000084000000|100%| O|  |TAMS 0x0000000084000000, 0x0000000083f00000| Untracked 
|  64|0x0000000084000000, 0x0000000084100000, 0x0000000084100000|100%| O|  |TAMS 0x0000000084100000, 0x0000000084000000| Untracked 
|  65|0x0000000084100000, 0x0000000084200000, 0x0000000084200000|100%| O|  |TAMS 0x0000000084200000, 0x0000000084100000| Untracked 
|  66|0x0000000084200000, 0x0000000084300000, 0x0000000084300000|100%| O|  |TAMS 0x0000000084300000, 0x0000000084200000| Updating 
|  67|0x0000000084300000, 0x0000000084400000, 0x0000000084400000|100%| O|  |TAMS 0x0000000084400000, 0x0000000084300000| Updating 
|  68|0x0000000084400000, 0x0000000084500000, 0x0000000084500000|100%| O|  |TAMS 0x0000000084500000, 0x0000000084400000| Untracked 
|  69|0x0000000084500000, 0x0000000084600000, 0x0000000084600000|100%| O|  |TAMS 0x0000000084600000, 0x0000000084500000| Untracked 
|  70|0x0000000084600000, 0x0000000084700000, 0x0000000084700000|100%| O|  |TAMS 0x0000000084700000, 0x0000000084600000| Untracked 
|  71|0x0000000084700000, 0x0000000084800000, 0x0000000084800000|100%|HS|  |TAMS 0x0000000084800000, 0x0000000084700000| Complete 
|  72|0x0000000084800000, 0x0000000084900000, 0x0000000084900000|100%|HS|  |TAMS 0x0000000084900000, 0x0000000084800000| Complete 
|  73|0x0000000084900000, 0x0000000084a00000, 0x0000000084a00000|100%|HS|  |TAMS 0x0000000084a00000, 0x0000000084900000| Complete 
|  74|0x0000000084a00000, 0x0000000084b00000, 0x0000000084b00000|100%|HC|  |TAMS 0x0000000084b00000, 0x0000000084a00000| Complete 
|  75|0x0000000084b00000, 0x0000000084c00000, 0x0000000084c00000|100%|HS|  |TAMS 0x0000000084c00000, 0x0000000084b00000| Complete 
|  76|0x0000000084c00000, 0x0000000084d00000, 0x0000000084d00000|100%| O|  |TAMS 0x0000000084c00000, 0x0000000084c00000| Untracked 
|  77|0x0000000084d00000, 0x0000000084e00000, 0x0000000084e00000|100%| O|  |TAMS 0x0000000084e00000, 0x0000000084d00000| Untracked 
|  78|0x0000000084e00000, 0x0000000084f00000, 0x0000000084f00000|100%| O|  |TAMS 0x0000000084f00000, 0x0000000084e00000| Untracked 
|  79|0x0000000084f00000, 0x0000000085000000, 0x0000000085000000|100%|HS|  |TAMS 0x0000000085000000, 0x0000000084f00000| Complete 
|  80|0x0000000085000000, 0x0000000085100000, 0x0000000085100000|100%|HC|  |TAMS 0x0000000085100000, 0x0000000085000000| Complete 
|  81|0x0000000085100000, 0x0000000085200000, 0x0000000085200000|100%|HC|  |TAMS 0x0000000085200000, 0x0000000085100000| Complete 
|  82|0x0000000085200000, 0x0000000085300000, 0x0000000085300000|100%|HC|  |TAMS 0x0000000085300000, 0x0000000085200000| Complete 
|  83|0x0000000085300000, 0x0000000085400000, 0x0000000085400000|100%| O|  |TAMS 0x0000000085400000, 0x0000000085300000| Untracked 
|  84|0x0000000085400000, 0x0000000085500000, 0x0000000085500000|100%| O|  |TAMS 0x0000000085500000, 0x0000000085400000| Untracked 
|  85|0x0000000085500000, 0x0000000085600000, 0x0000000085600000|100%| O|  |TAMS 0x0000000085600000, 0x0000000085500000| Untracked 
|  86|0x0000000085600000, 0x0000000085700000, 0x0000000085700000|100%| O|  |TAMS 0x0000000085700000, 0x0000000085600000| Untracked 
|  87|0x0000000085700000, 0x0000000085800000, 0x0000000085800000|100%| O|  |TAMS 0x0000000085800000, 0x0000000085700000| Untracked 
|  88|0x0000000085800000, 0x0000000085900000, 0x0000000085900000|100%| O|  |TAMS 0x0000000085900000, 0x0000000085800000| Untracked 
|  89|0x0000000085900000, 0x0000000085a00000, 0x0000000085a00000|100%| O|  |TAMS 0x0000000085a00000, 0x0000000085900000| Untracked 
|  90|0x0000000085a00000, 0x0000000085b00000, 0x0000000085b00000|100%| O|  |TAMS 0x0000000085b00000, 0x0000000085a00000| Untracked 
|  91|0x0000000085b00000, 0x0000000085c00000, 0x0000000085c00000|100%| O|  |TAMS 0x0000000085c00000, 0x0000000085b00000| Untracked 
|  92|0x0000000085c00000, 0x0000000085d00000, 0x0000000085d00000|100%| O|  |TAMS 0x0000000085d00000, 0x0000000085c00000| Untracked 
|  93|0x0000000085d00000, 0x0000000085e00000, 0x0000000085e00000|100%| O|  |TAMS 0x0000000085e00000, 0x0000000085d00000| Untracked 
|  94|0x0000000085e00000, 0x0000000085f00000, 0x0000000085f00000|100%| O|  |TAMS 0x0000000085f00000, 0x0000000085e00000| Untracked 
|  95|0x0000000085f00000, 0x0000000086000000, 0x0000000086000000|100%| O|  |TAMS 0x0000000086000000, 0x0000000085f00000| Untracked 
|  96|0x0000000086000000, 0x0000000086100000, 0x0000000086100000|100%| O|  |TAMS 0x0000000086100000, 0x0000000086000000| Untracked 
|  97|0x0000000086100000, 0x0000000086200000, 0x0000000086200000|100%| O|  |TAMS 0x0000000086200000, 0x0000000086100000| Untracked 
|  98|0x0000000086200000, 0x0000000086300000, 0x0000000086300000|100%|HS|  |TAMS 0x0000000086300000, 0x0000000086200000| Complete 
|  99|0x0000000086300000, 0x0000000086400000, 0x0000000086400000|100%|HC|  |TAMS 0x0000000086400000, 0x0000000086300000| Complete 
| 100|0x0000000086400000, 0x0000000086500000, 0x0000000086500000|100%|HC|  |TAMS 0x0000000086500000, 0x0000000086400000| Complete 
| 101|0x0000000086500000, 0x0000000086600000, 0x0000000086600000|100%|HC|  |TAMS 0x0000000086600000, 0x0000000086500000| Complete 
| 102|0x0000000086600000, 0x0000000086700000, 0x0000000086700000|100%| O|  |TAMS 0x0000000086700000, 0x0000000086600000| Untracked 
| 103|0x0000000086700000, 0x0000000086800000, 0x0000000086800000|100%| O|  |TAMS 0x0000000086800000, 0x0000000086700000| Untracked 
| 104|0x0000000086800000, 0x0000000086900000, 0x0000000086900000|100%| O|  |TAMS 0x0000000086900000, 0x0000000086800000| Untracked 
| 105|0x0000000086900000, 0x0000000086a00000, 0x0000000086a00000|100%| O|  |TAMS 0x0000000086a00000, 0x0000000086900000| Updating 
| 106|0x0000000086a00000, 0x0000000086b00000, 0x0000000086b00000|100%| O|  |TAMS 0x0000000086b00000, 0x0000000086a00000| Untracked 
| 107|0x0000000086b00000, 0x0000000086c00000, 0x0000000086c00000|100%| O|  |TAMS 0x0000000086c00000, 0x0000000086b00000| Updating 
| 108|0x0000000086c00000, 0x0000000086d00000, 0x0000000086d00000|100%| O|  |TAMS 0x0000000086d00000, 0x0000000086c00000| Updating 
| 109|0x0000000086d00000, 0x0000000086d00000, 0x0000000086e00000|  0%| F|  |TAMS 0x0000000086d00000, 0x0000000086d00000| Untracked 
| 110|0x0000000086e00000, 0x0000000086e00000, 0x0000000086f00000|  0%| F|  |TAMS 0x0000000086e00000, 0x0000000086e00000| Untracked 
| 111|0x0000000086f00000, 0x0000000087000000, 0x0000000087000000|100%| O|  |TAMS 0x0000000087000000, 0x0000000086f00000| Updating 
| 112|0x0000000087000000, 0x0000000087100000, 0x0000000087100000|100%| O|  |TAMS 0x0000000087100000, 0x0000000087000000| Updating 
| 113|0x0000000087100000, 0x0000000087200000, 0x0000000087200000|100%| O|  |TAMS 0x0000000087100000, 0x0000000087100000| Untracked 
| 114|0x0000000087200000, 0x0000000087300000, 0x0000000087300000|100%| O|  |TAMS 0x0000000087200000, 0x0000000087200000| Untracked 
| 115|0x0000000087300000, 0x0000000087400000, 0x0000000087400000|100%| O|  |TAMS 0x0000000087300000, 0x0000000087300000| Untracked 
| 116|0x0000000087400000, 0x0000000087500000, 0x0000000087500000|100%| O|  |TAMS 0x0000000087400000, 0x0000000087400000| Untracked 
| 117|0x0000000087500000, 0x0000000087600000, 0x0000000087600000|100%| O|  |TAMS 0x0000000087500000, 0x0000000087500000| Untracked 
| 118|0x0000000087600000, 0x0000000087656200, 0x0000000087700000| 33%| O|  |TAMS 0x0000000087600000, 0x0000000087600000| Updating 
| 119|0x0000000087700000, 0x0000000087800000, 0x0000000087800000|100%| O|  |TAMS 0x0000000087800000, 0x0000000087700000| Untracked 
| 120|0x0000000087800000, 0x0000000087900000, 0x0000000087900000|100%| O|  |TAMS 0x0000000087900000, 0x0000000087800000| Untracked 
| 121|0x0000000087900000, 0x0000000087a00000, 0x0000000087a00000|100%| O|  |TAMS 0x0000000087a00000, 0x0000000087900000| Untracked 
| 122|0x0000000087a00000, 0x0000000087b00000, 0x0000000087b00000|100%| O|  |TAMS 0x0000000087b00000, 0x0000000087a00000| Updating 
| 123|0x0000000087b00000, 0x0000000087c00000, 0x0000000087c00000|100%| O|  |TAMS 0x0000000087c00000, 0x0000000087b00000| Updating 
| 124|0x0000000087c00000, 0x0000000087d00000, 0x0000000087d00000|100%| O|  |TAMS 0x0000000087d00000, 0x0000000087c00000| Updating 
| 125|0x0000000087d00000, 0x0000000087e00000, 0x0000000087e00000|100%| O|  |TAMS 0x0000000087e00000, 0x0000000087d00000| Updating 
| 126|0x0000000087e00000, 0x0000000087f00000, 0x0000000087f00000|100%| O|  |TAMS 0x0000000087f00000, 0x0000000087e00000| Updating 
| 127|0x0000000087f00000, 0x0000000088000000, 0x0000000088000000|100%| O|  |TAMS 0x0000000088000000, 0x0000000087f00000| Updating 
| 128|0x0000000088000000, 0x0000000088100000, 0x0000000088100000|100%| O|  |TAMS 0x0000000088048200, 0x0000000088000000| Updating 
| 129|0x0000000088100000, 0x0000000088100000, 0x0000000088200000|  0%| F|  |TAMS 0x0000000088100000, 0x0000000088100000| Untracked 
| 130|0x0000000088200000, 0x0000000088200000, 0x0000000088300000|  0%| F|  |TAMS 0x0000000088200000, 0x0000000088200000| Untracked 
| 131|0x0000000088300000, 0x0000000088300000, 0x0000000088400000|  0%| F|  |TAMS 0x0000000088300000, 0x0000000088300000| Untracked 
| 132|0x0000000088400000, 0x0000000088400000, 0x0000000088500000|  0%| F|  |TAMS 0x0000000088400000, 0x0000000088400000| Untracked 
| 133|0x0000000088500000, 0x0000000088500000, 0x0000000088600000|  0%| F|  |TAMS 0x0000000088500000, 0x0000000088500000| Untracked 
| 134|0x0000000088600000, 0x0000000088600000, 0x0000000088700000|  0%| F|  |TAMS 0x0000000088600000, 0x0000000088600000| Untracked 
| 135|0x0000000088700000, 0x0000000088700000, 0x0000000088800000|  0%| F|  |TAMS 0x0000000088700000, 0x0000000088700000| Untracked 
| 136|0x0000000088800000, 0x0000000088800000, 0x0000000088900000|  0%| F|  |TAMS 0x0000000088800000, 0x0000000088800000| Untracked 
| 137|0x0000000088900000, 0x0000000088900000, 0x0000000088a00000|  0%| F|  |TAMS 0x0000000088900000, 0x0000000088900000| Untracked 
| 138|0x0000000088a00000, 0x0000000088a00000, 0x0000000088b00000|  0%| F|  |TAMS 0x0000000088a00000, 0x0000000088a00000| Untracked 
| 139|0x0000000088b00000, 0x0000000088b00000, 0x0000000088c00000|  0%| F|  |TAMS 0x0000000088b00000, 0x0000000088b00000| Untracked 
| 140|0x0000000088c00000, 0x0000000088c00000, 0x0000000088d00000|  0%| F|  |TAMS 0x0000000088c00000, 0x0000000088c00000| Untracked 
| 141|0x0000000088d00000, 0x0000000088d00000, 0x0000000088e00000|  0%| F|  |TAMS 0x0000000088d00000, 0x0000000088d00000| Untracked 
| 142|0x0000000088e00000, 0x0000000088e00000, 0x0000000088f00000|  0%| F|  |TAMS 0x0000000088e00000, 0x0000000088e00000| Untracked 
| 143|0x0000000088f00000, 0x0000000088f00000, 0x0000000089000000|  0%| F|  |TAMS 0x0000000088f00000, 0x0000000088f00000| Untracked 
| 144|0x0000000089000000, 0x0000000089000000, 0x0000000089100000|  0%| F|  |TAMS 0x0000000089000000, 0x0000000089000000| Untracked 
| 145|0x0000000089100000, 0x0000000089100000, 0x0000000089200000|  0%| F|  |TAMS 0x0000000089100000, 0x0000000089100000| Untracked 
| 146|0x0000000089200000, 0x0000000089200000, 0x0000000089300000|  0%| F|  |TAMS 0x0000000089200000, 0x0000000089200000| Untracked 
| 147|0x0000000089300000, 0x0000000089300000, 0x0000000089400000|  0%| F|  |TAMS 0x0000000089300000, 0x0000000089300000| Untracked 
| 148|0x0000000089400000, 0x0000000089400000, 0x0000000089500000|  0%| F|  |TAMS 0x0000000089400000, 0x0000000089400000| Untracked 
| 149|0x0000000089500000, 0x0000000089500000, 0x0000000089600000|  0%| F|  |TAMS 0x0000000089500000, 0x0000000089500000| Untracked 
| 150|0x0000000089600000, 0x0000000089600000, 0x0000000089700000|  0%| F|  |TAMS 0x0000000089600000, 0x0000000089600000| Untracked 
| 151|0x0000000089700000, 0x0000000089700000, 0x0000000089800000|  0%| F|  |TAMS 0x0000000089700000, 0x0000000089700000| Untracked 
| 152|0x0000000089800000, 0x0000000089800000, 0x0000000089900000|  0%| F|  |TAMS 0x0000000089800000, 0x0000000089800000| Untracked 
| 153|0x0000000089900000, 0x0000000089900000, 0x0000000089a00000|  0%| F|  |TAMS 0x0000000089900000, 0x0000000089900000| Untracked 
| 154|0x0000000089a00000, 0x0000000089a00000, 0x0000000089b00000|  0%| F|  |TAMS 0x0000000089a00000, 0x0000000089a00000| Untracked 
| 155|0x0000000089b00000, 0x0000000089b00000, 0x0000000089c00000|  0%| F|  |TAMS 0x0000000089b00000, 0x0000000089b00000| Untracked 
| 156|0x0000000089c00000, 0x0000000089d00000, 0x0000000089d00000|100%| S|CS|TAMS 0x0000000089c00000, 0x0000000089c00000| Complete 
| 157|0x0000000089d00000, 0x0000000089e00000, 0x0000000089e00000|100%| S|CS|TAMS 0x0000000089d00000, 0x0000000089d00000| Complete 
| 158|0x0000000089e00000, 0x0000000089f00000, 0x0000000089f00000|100%| S|CS|TAMS 0x0000000089e00000, 0x0000000089e00000| Complete 
| 159|0x0000000089f00000, 0x000000008a000000, 0x000000008a000000|100%| S|CS|TAMS 0x0000000089f00000, 0x0000000089f00000| Complete 
| 160|0x000000008a000000, 0x000000008a100000, 0x000000008a100000|100%| S|CS|TAMS 0x000000008a000000, 0x000000008a000000| Complete 
| 161|0x000000008a100000, 0x000000008a100000, 0x000000008a200000|  0%| F|  |TAMS 0x000000008a100000, 0x000000008a100000| Untracked 
| 162|0x000000008a200000, 0x000000008a200000, 0x000000008a300000|  0%| F|  |TAMS 0x000000008a200000, 0x000000008a200000| Untracked 
| 163|0x000000008a300000, 0x000000008a300000, 0x000000008a400000|  0%| F|  |TAMS 0x000000008a300000, 0x000000008a300000| Untracked 
| 164|0x000000008a400000, 0x000000008a400000, 0x000000008a500000|  0%| F|  |TAMS 0x000000008a400000, 0x000000008a400000| Untracked 
| 165|0x000000008a500000, 0x000000008a500000, 0x000000008a600000|  0%| F|  |TAMS 0x000000008a500000, 0x000000008a500000| Untracked 
| 166|0x000000008a600000, 0x000000008a600000, 0x000000008a700000|  0%| F|  |TAMS 0x000000008a600000, 0x000000008a600000| Untracked 
| 167|0x000000008a700000, 0x000000008a700000, 0x000000008a800000|  0%| F|  |TAMS 0x000000008a700000, 0x000000008a700000| Untracked 
| 168|0x000000008a800000, 0x000000008a800000, 0x000000008a900000|  0%| F|  |TAMS 0x000000008a800000, 0x000000008a800000| Untracked 
| 169|0x000000008a900000, 0x000000008a900000, 0x000000008aa00000|  0%| F|  |TAMS 0x000000008a900000, 0x000000008a900000| Untracked 
| 170|0x000000008aa00000, 0x000000008aa00000, 0x000000008ab00000|  0%| F|  |TAMS 0x000000008aa00000, 0x000000008aa00000| Untracked 
| 171|0x000000008ab00000, 0x000000008ab00000, 0x000000008ac00000|  0%| F|  |TAMS 0x000000008ab00000, 0x000000008ab00000| Untracked 
| 172|0x000000008ac00000, 0x000000008ac00000, 0x000000008ad00000|  0%| F|  |TAMS 0x000000008ac00000, 0x000000008ac00000| Untracked 
| 173|0x000000008ad00000, 0x000000008ad00000, 0x000000008ae00000|  0%| F|  |TAMS 0x000000008ad00000, 0x000000008ad00000| Untracked 
| 174|0x000000008ae00000, 0x000000008ae00000, 0x000000008af00000|  0%| F|  |TAMS 0x000000008ae00000, 0x000000008ae00000| Untracked 
| 175|0x000000008af00000, 0x000000008af00000, 0x000000008b000000|  0%| F|  |TAMS 0x000000008af00000, 0x000000008af00000| Untracked 
| 176|0x000000008b000000, 0x000000008b000000, 0x000000008b100000|  0%| F|  |TAMS 0x000000008b000000, 0x000000008b000000| Untracked 
| 177|0x000000008b100000, 0x000000008b100000, 0x000000008b200000|  0%| F|  |TAMS 0x000000008b100000, 0x000000008b100000| Untracked 
| 178|0x000000008b200000, 0x000000008b200000, 0x000000008b300000|  0%| F|  |TAMS 0x000000008b200000, 0x000000008b200000| Untracked 
| 179|0x000000008b300000, 0x000000008b300000, 0x000000008b400000|  0%| F|  |TAMS 0x000000008b300000, 0x000000008b300000| Untracked 
| 180|0x000000008b400000, 0x000000008b400000, 0x000000008b500000|  0%| F|  |TAMS 0x000000008b400000, 0x000000008b400000| Untracked 
| 181|0x000000008b500000, 0x000000008b600000, 0x000000008b600000|100%| E|  |TAMS 0x000000008b500000, 0x000000008b500000| Complete 
| 182|0x000000008b600000, 0x000000008b700000, 0x000000008b700000|100%| E|CS|TAMS 0x000000008b600000, 0x000000008b600000| Complete 
| 183|0x000000008b700000, 0x000000008b800000, 0x000000008b800000|100%| E|CS|TAMS 0x000000008b700000, 0x000000008b700000| Complete 
| 184|0x000000008b800000, 0x000000008b900000, 0x000000008b900000|100%| E|CS|TAMS 0x000000008b800000, 0x000000008b800000| Complete 
| 185|0x000000008b900000, 0x000000008ba00000, 0x000000008ba00000|100%| E|CS|TAMS 0x000000008b900000, 0x000000008b900000| Complete 
| 186|0x000000008ba00000, 0x000000008bb00000, 0x000000008bb00000|100%| E|  |TAMS 0x000000008ba00000, 0x000000008ba00000| Complete 
| 187|0x000000008bb00000, 0x000000008bc00000, 0x000000008bc00000|100%| E|CS|TAMS 0x000000008bb00000, 0x000000008bb00000| Complete 
| 188|0x000000008bc00000, 0x000000008bd00000, 0x000000008bd00000|100%| E|CS|TAMS 0x000000008bc00000, 0x000000008bc00000| Complete 
| 189|0x000000008bd00000, 0x000000008be00000, 0x000000008be00000|100%| E|CS|TAMS 0x000000008bd00000, 0x000000008bd00000| Complete 
| 190|0x000000008be00000, 0x000000008bf00000, 0x000000008bf00000|100%| E|CS|TAMS 0x000000008be00000, 0x000000008be00000| Complete 
| 191|0x000000008bf00000, 0x000000008c000000, 0x000000008c000000|100%| E|CS|TAMS 0x000000008bf00000, 0x000000008bf00000| Complete 
| 192|0x000000008c000000, 0x000000008c100000, 0x000000008c100000|100%| E|CS|TAMS 0x000000008c000000, 0x000000008c000000| Complete 
| 193|0x000000008c100000, 0x000000008c200000, 0x000000008c200000|100%| E|CS|TAMS 0x000000008c100000, 0x000000008c100000| Complete 
| 194|0x000000008c200000, 0x000000008c300000, 0x000000008c300000|100%| E|CS|TAMS 0x000000008c200000, 0x000000008c200000| Complete 

Card table byte_map: [0x000001e534060000,0x000001e534460000] _byte_map_base: 0x000001e533c60000

Marking Bits (Prev, Next): (CMBitMap*) 0x000001e5214b66b0, (CMBitMap*) 0x000001e5214b66f0
 Prev Bits: [0x000001e534860000, 0x000001e536860000)
 Next Bits: [0x000001e536860000, 0x000001e538860000)

Polling page: 0x000001e51f430000

Metaspace:

Usage:
  Non-class:     77.77 MB used.
      Class:     12.48 MB used.
       Both:     90.25 MB used.

Virtual space:
  Non-class space:       80.00 MB reserved,      78.19 MB ( 98%) committed,  10 nodes.
      Class space:        1.00 GB reserved,      12.81 MB (  1%) committed,  1 nodes.
             Both:        1.08 GB reserved,      91.00 MB (  8%) committed. 

Chunk freelists:
   Non-Class:  1.80 MB
       Class:  3.20 MB
        Both:  5.00 MB

MaxMetaspaceSize: unlimited
CompressedClassSpaceSize: 1.00 GB
Initial GC threshold: 21.00 MB
Current GC threshold: 150.62 MB
CDS: off
MetaspaceReclaimPolicy: balanced
 - commit_granule_bytes: 65536.
 - commit_granule_words: 8192.
 - virtual_space_node_default_size: 1048576.
 - enlarge_chunks_in_place: 1.
 - new_chunks_are_fully_committed: 0.
 - uncommit_free_chunks: 1.
 - use_allocation_guard: 0.
 - handle_deallocations: 1.


Internal statistics:

num_allocs_failed_limit: 5.
num_arena_births: 950.
num_arena_deaths: 0.
num_vsnodes_births: 11.
num_vsnodes_deaths: 0.
num_space_committed: 1455.
num_space_uncommitted: 0.
num_chunks_returned_to_freelist: 5.
num_chunks_taken_from_freelist: 4174.
num_chunk_merges: 5.
num_chunk_splits: 2907.
num_chunks_enlarged: 2068.
num_purges: 0.
num_inconsistent_stats: 0.

CodeHeap 'non-profiled nmethods': size=120000Kb used=3988Kb max_used=3988Kb free=116011Kb
 bounds [0x000001e52c400000, 0x000001e52c7f0000, 0x000001e533930000]
CodeHeap 'profiled nmethods': size=120000Kb used=14298Kb max_used=14298Kb free=105701Kb
 bounds [0x000001e524930000, 0x000001e525730000, 0x000001e52be60000]
CodeHeap 'non-nmethods': size=5760Kb used=2398Kb max_used=2436Kb free=3361Kb
 bounds [0x000001e52be60000, 0x000001e52c0d0000, 0x000001e52c400000]
 total_blobs=8430 nmethods=7493 adapters=848
 compilation: enabled
              stopped_count=0, restarted_count=0
 full_count=0

Compilation events (20 events):
Event: 22.321 Thread 0x000001e53bc19e10 8409       3       java.lang.String::substring (10 bytes)
Event: 22.321 Thread 0x000001e53bc19e10 nmethod 8409 0x000001e525721f10 code [0x000001e5257220c0, 0x000001e525722308]
Event: 22.321 Thread 0x000001e53bc19e10 8407       3       org.jetbrains.kotlin.com.intellij.openapi.vfs.impl.ArchiveHandler::splitPathAndFix (137 bytes)
Event: 22.322 Thread 0x000001e53bc19e10 nmethod 8407 0x000001e525722410 code [0x000001e525722780, 0x000001e525723a18]
Event: 22.322 Thread 0x000001e53bc19e10 8410       3       java.lang.String::equals (56 bytes)
Event: 22.322 Thread 0x000001e53bc19e10 nmethod 8410 0x000001e525724110 code [0x000001e5257242e0, 0x000001e525724748]
Event: 22.322 Thread 0x000001e53bc19e10 8406       3       java.lang.String::substring (58 bytes)
Event: 22.323 Thread 0x000001e53bc19e10 nmethod 8406 0x000001e525724810 code [0x000001e525724a00, 0x000001e525724ea8]
Event: 22.342 Thread 0x000001e53bc17500 nmethod 8298 0x000001e52c7dec10 code [0x000001e52c7defa0, 0x000001e52c7e0c10]
Event: 22.342 Thread 0x000001e53bc17500 8412       4       java.lang.String::substring (58 bytes)
Event: 22.347 Thread 0x000001e53bc17500 nmethod 8412 0x000001e52c7e2490 code [0x000001e52c7e2640, 0x000001e52c7e2b68]
Event: 22.347 Thread 0x000001e53bc17500 8413       4       org.jetbrains.kotlin.com.intellij.openapi.vfs.impl.ArchiveHandler::splitPathAndFix (137 bytes)
Event: 22.386 Thread 0x000001e53bc19e10 8415       3       org.jetbrains.kotlin.com.intellij.util.containers.ContainerUtil::map2Set (111 bytes)
Event: 22.386 Thread 0x000001e53bc17500 nmethod 8413 0x000001e52c7e2e10 code [0x000001e52c7e3020, 0x000001e52c7e44f0]
Event: 22.386 Thread 0x000001e53bc17500 8414 %     4       org.jetbrains.kotlin.com.intellij.openapi.vfs.impl.jar.CoreJarHandler::<init> @ 64 (236 bytes)
Event: 22.387 Thread 0x000001e53bc19e10 nmethod 8415 0x000001e525725090 code [0x000001e525725340, 0x000001e525726098]
Event: 22.394 Thread 0x000001e53bc19e10 8416       3       java.util.ArrayList::hashCode (22 bytes)
Event: 22.394 Thread 0x000001e53bc19e10 nmethod 8416 0x000001e524bf5c90 code [0x000001e524bf5e60, 0x000001e524bf61b8]
Event: 22.404 Thread 0x000001e53bc19e10 8417       3       java.nio.file.Path::of (9 bytes)
Event: 22.405 Thread 0x000001e53bc19e10 nmethod 8417 0x000001e525726490 code [0x000001e525726660, 0x000001e525726a88]

GC Heap History (20 events):
Event: 17.311 GC heap before
{Heap before GC invocations=45 (full 0):
 garbage-first heap   total 178176K, used 121042K [0x0000000080000000, 0x0000000100000000)
  region size 1024K, 22 young (22528K), 3 survivors (3072K)
 Metaspace       used 72361K, committed 73088K, reserved 1114112K
  class space    used 10153K, committed 10496K, reserved 1048576K
}
Event: 17.314 GC heap after
{Heap after GC invocations=46 (full 0):
 garbage-first heap   total 178176K, used 99539K [0x0000000080000000, 0x0000000100000000)
  region size 1024K, 2 young (2048K), 2 survivors (2048K)
 Metaspace       used 72361K, committed 73088K, reserved 1114112K
  class space    used 10153K, committed 10496K, reserved 1048576K
}
Event: 17.808 GC heap before
{Heap before GC invocations=46 (full 0):
 garbage-first heap   total 178176K, used 130259K [0x0000000080000000, 0x0000000100000000)
  region size 1024K, 32 young (32768K), 2 survivors (2048K)
 Metaspace       used 75277K, committed 75968K, reserved 1114112K
  class space    used 10550K, committed 10880K, reserved 1048576K
}
Event: 17.814 GC heap after
{Heap after GC invocations=47 (full 0):
 garbage-first heap   total 178176K, used 101417K [0x0000000080000000, 0x0000000100000000)
  region size 1024K, 4 young (4096K), 4 survivors (4096K)
 Metaspace       used 75277K, committed 75968K, reserved 1114112K
  class space    used 10550K, committed 10880K, reserved 1048576K
}
Event: 18.695 GC heap before
{Heap before GC invocations=48 (full 0):
 garbage-first heap   total 178176K, used 132137K [0x0000000080000000, 0x0000000100000000)
  region size 1024K, 36 young (36864K), 4 survivors (4096K)
 Metaspace       used 79243K, committed 79936K, reserved 1122304K
  class space    used 11103K, committed 11456K, reserved 1048576K
}
Event: 18.701 GC heap after
{Heap after GC invocations=49 (full 0):
 garbage-first heap   total 178176K, used 100460K [0x0000000080000000, 0x0000000100000000)
  region size 1024K, 5 young (5120K), 5 survivors (5120K)
 Metaspace       used 79243K, committed 79936K, reserved 1122304K
  class space    used 11103K, committed 11456K, reserved 1048576K
}
Event: 20.349 GC heap before
{Heap before GC invocations=49 (full 0):
 garbage-first heap   total 178176K, used 136300K [0x0000000080000000, 0x0000000100000000)
  region size 1024K, 40 young (40960K), 5 survivors (5120K)
 Metaspace       used 82128K, committed 82880K, reserved 1122304K
  class space    used 11488K, committed 11840K, reserved 1048576K
}
Event: 20.357 GC heap after
{Heap after GC invocations=50 (full 0):
 garbage-first heap   total 178176K, used 103910K [0x0000000080000000, 0x0000000100000000)
  region size 1024K, 5 young (5120K), 5 survivors (5120K)
 Metaspace       used 82128K, committed 82880K, reserved 1122304K
  class space    used 11488K, committed 11840K, reserved 1048576K
}
Event: 21.140 GC heap before
{Heap before GC invocations=51 (full 0):
 garbage-first heap   total 178176K, used 143846K [0x0000000080000000, 0x0000000100000000)
  region size 1024K, 40 young (40960K), 5 survivors (5120K)
 Metaspace       used 86271K, committed 86976K, reserved 1130496K
  class space    used 12012K, committed 12352K, reserved 1048576K
}
Event: 21.145 GC heap after
{Heap after GC invocations=52 (full 0):
 garbage-first heap   total 178176K, used 111706K [0x0000000080000000, 0x0000000100000000)
  region size 1024K, 4 young (4096K), 4 survivors (4096K)
 Metaspace       used 86271K, committed 86976K, reserved 1130496K
  class space    used 12012K, committed 12352K, reserved 1048576K
}
Event: 21.169 GC heap before
{Heap before GC invocations=52 (full 0):
 garbage-first heap   total 178176K, used 114778K [0x0000000080000000, 0x0000000100000000)
  region size 1024K, 8 young (8192K), 4 survivors (4096K)
 Metaspace       used 86271K, committed 86976K, reserved 1130496K
  class space    used 12012K, committed 12352K, reserved 1048576K
}
Event: 21.174 GC heap after
{Heap after GC invocations=53 (full 0):
 garbage-first heap   total 178176K, used 114794K [0x0000000080000000, 0x0000000100000000)
  region size 1024K, 1 young (1024K), 1 survivors (1024K)
 Metaspace       used 86271K, committed 86976K, reserved 1130496K
  class space    used 12012K, committed 12352K, reserved 1048576K
}
Event: 21.799 GC heap before
{Heap before GC invocations=53 (full 0):
 garbage-first heap   total 178176K, used 142442K [0x0000000080000000, 0x0000000100000000)
  region size 1024K, 28 young (28672K), 1 survivors (1024K)
 Metaspace       used 91483K, committed 92224K, reserved 1130496K
  class space    used 12661K, committed 12992K, reserved 1048576K
}
Event: 21.803 GC heap after
{Heap after GC invocations=54 (full 0):
 garbage-first heap   total 178176K, used 115581K [0x0000000080000000, 0x0000000100000000)
  region size 1024K, 2 young (2048K), 2 survivors (2048K)
 Metaspace       used 91483K, committed 92224K, reserved 1130496K
  class space    used 12661K, committed 12992K, reserved 1048576K
}
Event: 22.085 GC heap before
{Heap before GC invocations=55 (full 0):
 garbage-first heap   total 199680K, used 150397K [0x0000000080000000, 0x0000000100000000)
  region size 1024K, 30 young (30720K), 2 survivors (2048K)
 Metaspace       used 92351K, committed 93184K, reserved 1130496K
  class space    used 12778K, committed 13120K, reserved 1048576K
}
Event: 22.097 GC heap after
{Heap after GC invocations=56 (full 0):
 garbage-first heap   total 199680K, used 131342K [0x0000000080000000, 0x0000000100000000)
  region size 1024K, 4 young (4096K), 4 survivors (4096K)
 Metaspace       used 92351K, committed 93184K, reserved 1130496K
  class space    used 12778K, committed 13120K, reserved 1048576K
}
Event: 22.147 GC heap before
{Heap before GC invocations=56 (full 0):
 garbage-first heap   total 199680K, used 136462K [0x0000000080000000, 0x0000000100000000)
  region size 1024K, 9 young (9216K), 4 survivors (4096K)
 Metaspace       used 92361K, committed 93184K, reserved 1130496K
  class space    used 12779K, committed 13120K, reserved 1048576K
}
Event: 22.153 GC heap after
{Heap after GC invocations=57 (full 0):
 garbage-first heap   total 199680K, used 126240K [0x0000000080000000, 0x0000000100000000)
  region size 1024K, 2 young (2048K), 2 survivors (2048K)
 Metaspace       used 92361K, committed 93184K, reserved 1130496K
  class space    used 12779K, committed 13120K, reserved 1048576K
}
Event: 22.324 GC heap before
{Heap before GC invocations=57 (full 0):
 garbage-first heap   total 199680K, used 159008K [0x0000000080000000, 0x0000000100000000)
  region size 1024K, 34 young (34816K), 2 survivors (2048K)
 Metaspace       used 92411K, committed 93184K, reserved 1130496K
  class space    used 12779K, committed 13120K, reserved 1048576K
}
Event: 22.335 GC heap after
{Heap after GC invocations=58 (full 0):
 garbage-first heap   total 199680K, used 136536K [0x0000000080000000, 0x0000000100000000)
  region size 1024K, 5 young (5120K), 5 survivors (5120K)
 Metaspace       used 92411K, committed 93184K, reserved 1130496K
  class space    used 12779K, committed 13120K, reserved 1048576K
}

Dll operation events (2 events):
Event: 0.009 Loaded shared library C:\Program Files\Android\Android Studio\jbr\bin\java.dll
Event: 0.413 Loaded shared library C:\Program Files\Android\Android Studio\jbr\bin\verify.dll

Deoptimization events (20 events):
Event: 22.320 Thread 0x000001e53e07c700 Uncommon trap: trap_request=0xffffff45 fr.pc=0x000001e52c7d4f94 relative=0x0000000000001214
Event: 22.320 Thread 0x000001e53e07c700 Uncommon trap: reason=unstable_if action=reinterpret pc=0x000001e52c7d4f94 method=java.lang.String.lastIndexOf(II)I @ 4 c2
Event: 22.320 Thread 0x000001e53e07c700 DEOPT PACKING pc=0x000001e52c7d4f94 sp=0x0000006a0dcf5330
Event: 22.320 Thread 0x000001e53e07c700 DEOPT UNPACKING pc=0x000001e52beb69a3 sp=0x0000006a0dcf5220 mode 2
Event: 22.320 Thread 0x000001e53e07c700 Uncommon trap: trap_request=0xffffff45 fr.pc=0x000001e52c5b95a0 relative=0x0000000000000180
Event: 22.320 Thread 0x000001e53e07c700 Uncommon trap: reason=unstable_if action=reinterpret pc=0x000001e52c5b95a0 method=java.lang.String.lastIndexOf(II)I @ 4 c2
Event: 22.320 Thread 0x000001e53e07c700 DEOPT PACKING pc=0x000001e52c5b95a0 sp=0x0000006a0dcf52e0
Event: 22.320 Thread 0x000001e53e07c700 DEOPT UNPACKING pc=0x000001e52beb69a3 sp=0x0000006a0dcf5210 mode 2
Event: 22.320 Thread 0x000001e53e07c700 Uncommon trap: trap_request=0xffffff45 fr.pc=0x000001e52c43ab78 relative=0x0000000000000458
Event: 22.320 Thread 0x000001e53e07c700 Uncommon trap: reason=unstable_if action=reinterpret pc=0x000001e52c43ab78 method=java.lang.String.substring(II)Ljava/lang/String; @ 31 c2
Event: 22.320 Thread 0x000001e53e07c700 DEOPT PACKING pc=0x000001e52c43ab78 sp=0x0000006a0dcf52a0
Event: 22.320 Thread 0x000001e53e07c700 DEOPT UNPACKING pc=0x000001e52beb69a3 sp=0x0000006a0dcf5270 mode 2
Event: 22.320 Thread 0x000001e53e07c700 Uncommon trap: trap_request=0xffffff45 fr.pc=0x000001e52c562d68 relative=0x0000000000000448
Event: 22.320 Thread 0x000001e53e07c700 Uncommon trap: reason=unstable_if action=reinterpret pc=0x000001e52c562d68 method=java.lang.String.substring(II)Ljava/lang/String; @ 31 c2
Event: 22.320 Thread 0x000001e53e07c700 DEOPT PACKING pc=0x000001e52c562d68 sp=0x0000006a0dcf52a0
Event: 22.320 Thread 0x000001e53e07c700 DEOPT UNPACKING pc=0x000001e52beb69a3 sp=0x0000006a0dcf5200 mode 2
Event: 22.320 Thread 0x000001e53e07c700 Uncommon trap: trap_request=0xffffff45 fr.pc=0x000001e52c42290c relative=0x000000000000018c
Event: 22.320 Thread 0x000001e53e07c700 Uncommon trap: reason=unstable_if action=reinterpret pc=0x000001e52c42290c method=java.lang.String.equals(Ljava/lang/Object;)Z @ 33 c2
Event: 22.320 Thread 0x000001e53e07c700 DEOPT PACKING pc=0x000001e52c42290c sp=0x0000006a0dcf5380
Event: 22.320 Thread 0x000001e53e07c700 DEOPT UNPACKING pc=0x000001e52beb69a3 sp=0x0000006a0dcf5310 mode 2

Classes unloaded (0 events):
No events

Classes redefined (0 events):
No events

Internal exceptions (20 events):
Event: 17.853 Thread 0x000001e53e07c700 Exception <a 'java/lang/NoSuchMethodError'{0x000000008ac8b4e8}: static Lorg/jetbrains/kotlin/gradle/targets/js/nodejs/DefaultUnameExecutorVariantFactory;.<clinit>()V> (0x000000008ac8b4e8) 
thrown [s\src\hotspot\share\prims\jni.cpp, line 1108]
Event: 17.855 Thread 0x000001e53e07c700 Exception <a 'java/lang/NoSuchMethodError'{0x000000008aca4bc0}: static Lorg/jetbrains/kotlin/gradle/plugin/internal/DefaultBasePluginConfigurationVariantFactory;.<clinit>()V> (0x000000008aca4bc0) 
thrown [s\src\hotspot\share\prims\jni.cpp, line 1108]
Event: 17.857 Thread 0x000001e53e07c700 Exception <a 'java/lang/NoSuchMethodError'{0x000000008acbdb70}: static Lorg/jetbrains/kotlin/gradle/plugin/internal/DefaultIdeaSyncDetectorVariantFactory;.<clinit>()V> (0x000000008acbdb70) 
thrown [s\src\hotspot\share\prims\jni.cpp, line 1108]
Event: 17.860 Thread 0x000001e53e07c700 Exception <a 'java/lang/NoSuchMethodError'{0x000000008acd7808}: static Lorg/jetbrains/kotlin/gradle/plugin/internal/DefaultKotlinTestReportCompatibilityHelperVariantFactory;.<clinit>()V> (0x000000008acd7808) 
thrown [s\src\hotspot\share\prims\jni.cpp, line 1108]
Event: 19.320 Thread 0x000001e53e07c700 Exception <a 'java/lang/ClassNotFoundException'{0x0000000089930198}: org/jetbrains/kotlin/gradle/targets/js/npm/DefaultNpmDependencyExtensionBeanInfo> (0x0000000089930198) 
thrown [s\src\hotspot\share\classfile\systemDictionary.cpp, line 256]
Event: 19.320 Thread 0x000001e53e07c700 Exception <a 'java/lang/ClassNotFoundException'{0x000000008993c8e8}: org/jetbrains/kotlin/gradle/targets/js/npm/DefaultNpmDependencyExtensionCustomizer> (0x000000008993c8e8) 
thrown [s\src\hotspot\share\classfile\systemDictionary.cpp, line 256]
Event: 19.325 Thread 0x000001e53e07c700 Exception <a 'java/lang/ClassNotFoundException'{0x00000000899a77c8}: org/jetbrains/kotlin/gradle/targets/js/npm/NpmDependencyExtensionKt$defaultNpmDependencyDelegate$1BeanInfo> (0x00000000899a77c8) 
thrown [s\src\hotspot\share\classfile\systemDictionary.cpp, line 256]
Event: 19.326 Thread 0x000001e53e07c700 Exception <a 'java/lang/ClassNotFoundException'{0x00000000899b3f60}: org/jetbrains/kotlin/gradle/targets/js/npm/NpmDependencyExtensionDelegateBeanInfo> (0x00000000899b3f60) 
thrown [s\src\hotspot\share\classfile\systemDictionary.cpp, line 256]
Event: 19.326 Thread 0x000001e53e07c700 Exception <a 'java/lang/ClassNotFoundException'{0x00000000899c06c0}: org/jetbrains/kotlin/gradle/targets/js/npm/NpmDependencyExtensionDelegateCustomizer> (0x00000000899c06c0) 
thrown [s\src\hotspot\share\classfile\systemDictionary.cpp, line 256]
Event: 19.327 Thread 0x000001e53e07c700 Exception <a 'java/lang/ClassNotFoundException'{0x00000000899e1f50}: org/jetbrains/kotlin/gradle/targets/js/npm/NpmDependencyExtensionKt$defaultNpmDependencyDelegate$1Customizer> (0x00000000899e1f50) 
thrown [s\src\hotspot\share\classfile\systemDictionary.cpp, line 256]
Event: 19.329 Thread 0x000001e53e07c700 Exception <a 'java/lang/ClassNotFoundException'{0x00000000898199e8}: org/jetbrains/kotlin/gradle/targets/js/npm/DefaultDevNpmDependencyExtensionBeanInfo> (0x00000000898199e8) 
thrown [s\src\hotspot\share\classfile\systemDictionary.cpp, line 256]
Event: 19.329 Thread 0x000001e53e07c700 Exception <a 'java/lang/ClassNotFoundException'{0x0000000089826150}: org/jetbrains/kotlin/gradle/targets/js/npm/DefaultDevNpmDependencyExtensionCustomizer> (0x0000000089826150) 
thrown [s\src\hotspot\share\classfile\systemDictionary.cpp, line 256]
Event: 19.333 Thread 0x000001e53e07c700 Exception <a 'java/lang/ClassNotFoundException'{0x00000000898609c0}: org/jetbrains/kotlin/gradle/targets/js/npm/DefaultPeerNpmDependencyExtensionBeanInfo> (0x00000000898609c0) 
thrown [s\src\hotspot\share\classfile\systemDictionary.cpp, line 256]
Event: 19.333 Thread 0x000001e53e07c700 Exception <a 'java/lang/ClassNotFoundException'{0x000000008986d178}: org/jetbrains/kotlin/gradle/targets/js/npm/DefaultPeerNpmDependencyExtensionCustomizer> (0x000000008986d178) 
thrown [s\src\hotspot\share\classfile\systemDictionary.cpp, line 256]
Event: 19.336 Thread 0x000001e53e07c700 Exception <a 'java/lang/ClassNotFoundException'{0x00000000898af438}: org/jetbrains/kotlin/gradle/targets/js/npm/DefaultPeerNpmDependencyExtension$delegate$1BeanInfo> (0x00000000898af438) 
thrown [s\src\hotspot\share\classfile\systemDictionary.cpp, line 256]
Event: 19.336 Thread 0x000001e53e07c700 Exception <a 'java/lang/ClassNotFoundException'{0x00000000898bbeb8}: org/jetbrains/kotlin/gradle/targets/js/npm/DefaultPeerNpmDependencyExtension$delegate$1Customizer> (0x00000000898bbeb8) 
thrown [s\src\hotspot\share\classfile\systemDictionary.cpp, line 256]
Event: 20.926 Thread 0x000001e53e07c700 Exception <a 'java/lang/NoSuchMethodError'{0x00000000897ba850}: 'long java.lang.invoke.DirectMethodHandle$Holder.invokeStatic(java.lang.Object)'> (0x00000000897ba850) 
thrown [s\src\hotspot\share\interpreter\linkResolver.cpp, line 771]
Event: 20.926 Thread 0x000001e53e07c700 Exception <a 'java/lang/NoSuchMethodError'{0x00000000897bf3f0}: 'long java.lang.invoke.DirectMethodHandle$Holder.invokeStaticInit(java.lang.Object)'> (0x00000000897bf3f0) 
thrown [s\src\hotspot\share\interpreter\linkResolver.cpp, line 771]
Event: 21.876 Thread 0x000001e53e07c700 Exception <a 'java/lang/NoSuchMethodError'{0x000000008abdbc60}: 'java.lang.Object java.lang.invoke.Invokers$Holder.invoke_MT(java.lang.Object, java.lang.Object, java.lang.Object)'> (0x000000008abdbc60) 
thrown [s\src\hotspot\share\interpreter\linkResolver.cpp, line 771]
Event: 22.122 Thread 0x000001e53e07c700 Implicit null exception at 0x000001e52c7c83d7 to 0x000001e52c7ca37c

VM Operations (20 events):
Event: 21.625 Executing VM operation: HandshakeAllThreads done
Event: 21.695 Executing VM operation: HandshakeAllThreads
Event: 21.695 Executing VM operation: HandshakeAllThreads done
Event: 21.799 Executing VM operation: G1CollectForAllocation
Event: 21.803 Executing VM operation: G1CollectForAllocation done
Event: 21.855 Executing VM operation: G1Concurrent
Event: 21.860 Executing VM operation: G1Concurrent done
Event: 21.878 Executing VM operation: G1Concurrent
Event: 21.886 Executing VM operation: G1Concurrent done
Event: 21.914 Executing VM operation: HandshakeAllThreads
Event: 21.914 Executing VM operation: HandshakeAllThreads done
Event: 22.085 Executing VM operation: G1CollectForAllocation
Event: 22.097 Executing VM operation: G1CollectForAllocation done
Event: 22.147 Executing VM operation: G1CollectForAllocation
Event: 22.153 Executing VM operation: G1CollectForAllocation done
Event: 22.320 Executing VM operation: HandshakeAllThreads
Event: 22.320 Executing VM operation: HandshakeAllThreads done
Event: 22.324 Executing VM operation: G1CollectForAllocation
Event: 22.336 Executing VM operation: G1CollectForAllocation done
Event: 22.405 Executing VM operation: G1Concurrent

Events (20 events):
Event: 21.874 loading class java/nio/channels/FileChannel$MapMode done
Event: 21.874 loading class jdk/internal/misc/ExtendedMapMode
Event: 21.875 loading class jdk/internal/misc/ExtendedMapMode done
Event: 21.887 loading class sun/nio/ch/FileChannelImpl$DefaultUnmapper
Event: 21.887 loading class sun/nio/ch/FileChannelImpl$Unmapper
Event: 21.887 loading class jdk/internal/access/foreign/UnmapperProxy
Event: 21.887 loading class jdk/internal/access/foreign/UnmapperProxy done
Event: 21.887 loading class sun/nio/ch/FileChannelImpl$Unmapper done
Event: 21.887 loading class sun/nio/ch/FileChannelImpl$DefaultUnmapper done
Event: 21.887 loading class sun/nio/ch/Util$4
Event: 21.887 loading class sun/nio/ch/Util$4 done
Event: 21.888 loading class jdk/internal/access/foreign/MemorySegmentProxy
Event: 21.888 loading class jdk/internal/access/foreign/MemorySegmentProxy done
Event: 21.889 loading class java/io/UTFDataFormatException
Event: 21.889 loading class java/io/UTFDataFormatException done
Event: 21.912 loading class java/nio/file/attribute/DosFileAttributeView
Event: 21.912 loading class java/nio/file/attribute/DosFileAttributeView done
Event: 21.912 loading class sun/nio/fs/WindowsFileAttributeViews$Dos
Event: 21.913 loading class sun/nio/fs/WindowsFileAttributeViews$Dos done
Event: 22.336 Thread 0x000001e53bc1aeb0 flushing nmethod 0x000001e524bf5990


Dynamic libraries:
0x00007ff751130000 - 0x00007ff75113a000 	C:\Program Files\Android\Android Studio\jbr\bin\java.exe
0x00007ffb65950000 - 0x00007ffb65b48000 	C:\WINDOWS\SYSTEM32\ntdll.dll
0x00007ffb63b90000 - 0x00007ffb63c4d000 	C:\WINDOWS\System32\KERNEL32.DLL
0x00007ffb636b0000 - 0x00007ffb639a6000 	C:\WINDOWS\System32\KERNELBASE.dll
0x00007ffb635b0000 - 0x00007ffb636b0000 	C:\WINDOWS\System32\ucrtbase.dll
0x00007ffb4d660000 - 0x00007ffb4d67b000 	C:\Program Files\Android\Android Studio\jbr\bin\VCRUNTIME140.dll
0x00007ffb34f40000 - 0x00007ffb34f57000 	C:\Program Files\Android\Android Studio\jbr\bin\jli.dll
0x00007ffb63d30000 - 0x00007ffb63ece000 	C:\WINDOWS\System32\USER32.dll
0x00007ffb4f490000 - 0x00007ffb4f72a000 	C:\WINDOWS\WinSxS\amd64_microsoft.windows.common-controls_6595b64144ccf1df_6.0.19041.3636_none_60b6a03d71f818d5\COMCTL32.dll
0x00007ffb63060000 - 0x00007ffb63082000 	C:\WINDOWS\System32\win32u.dll
0x00007ffb657f0000 - 0x00007ffb6588e000 	C:\WINDOWS\System32\msvcrt.dll
0x00007ffb63c60000 - 0x00007ffb63c8c000 	C:\WINDOWS\System32\GDI32.dll
0x00007ffb63090000 - 0x00007ffb631aa000 	C:\WINDOWS\System32\gdi32full.dll
0x00007ffb63340000 - 0x00007ffb633dd000 	C:\WINDOWS\System32\msvcp_win.dll
0x00007ffb641c0000 - 0x00007ffb641f0000 	C:\WINDOWS\System32\IMM32.DLL
0x00007ffb5eb10000 - 0x00007ffb5eb1c000 	C:\Program Files\Android\Android Studio\jbr\bin\vcruntime140_1.dll
0x00007ffb3e660000 - 0x00007ffb3e6ed000 	C:\Program Files\Android\Android Studio\jbr\bin\msvcp140.dll
0x00007ffb132c0000 - 0x00007ffb13f2e000 	C:\Program Files\Android\Android Studio\jbr\bin\server\jvm.dll
0x00007ffb64250000 - 0x00007ffb642ff000 	C:\WINDOWS\System32\ADVAPI32.dll
0x00007ffb63c90000 - 0x00007ffb63d2c000 	C:\WINDOWS\System32\sechost.dll
0x00007ffb64490000 - 0x00007ffb645b6000 	C:\WINDOWS\System32\RPCRT4.dll
0x00007ffb59370000 - 0x00007ffb5937a000 	C:\WINDOWS\SYSTEM32\VERSION.dll
0x00007ffb53ce0000 - 0x00007ffb53ce9000 	C:\WINDOWS\SYSTEM32\WSOCK32.dll
0x00007ffb59340000 - 0x00007ffb59367000 	C:\WINDOWS\SYSTEM32\WINMM.dll
0x00007ffb652f0000 - 0x00007ffb6535b000 	C:\WINDOWS\System32\WS2_32.dll
0x00007ffb60ed0000 - 0x00007ffb60ee2000 	C:\WINDOWS\SYSTEM32\kernel.appcore.dll
0x00007ffb4fdf0000 - 0x00007ffb4fdfa000 	C:\Program Files\Android\Android Studio\jbr\bin\jimage.dll
0x00007ffb5a8b0000 - 0x00007ffb5aa94000 	C:\WINDOWS\SYSTEM32\DBGHELP.DLL
0x00007ffb4c390000 - 0x00007ffb4c3c4000 	C:\WINDOWS\SYSTEM32\dbgcore.DLL
0x00007ffb631b0000 - 0x00007ffb63232000 	C:\WINDOWS\System32\bcryptPrimitives.dll
0x00007ffb443d0000 - 0x00007ffb443f5000 	C:\Program Files\Android\Android Studio\jbr\bin\java.dll
0x00007ffb3e830000 - 0x00007ffb3e848000 	C:\Program Files\Android\Android Studio\jbr\bin\zip.dll
0x00007ffb64640000 - 0x00007ffb64d84000 	C:\WINDOWS\System32\SHELL32.dll
0x00007ffb610d0000 - 0x00007ffb6186b000 	C:\WINDOWS\SYSTEM32\windows.storage.dll
0x00007ffb65360000 - 0x00007ffb656b4000 	C:\WINDOWS\System32\combase.dll
0x00007ffb628c0000 - 0x00007ffb628ed000 	C:\WINDOWS\SYSTEM32\Wldp.dll
0x00007ffb63ed0000 - 0x00007ffb63f7d000 	C:\WINDOWS\System32\SHCORE.dll
0x00007ffb65890000 - 0x00007ffb658e5000 	C:\WINDOWS\System32\shlwapi.dll
0x00007ffb62f60000 - 0x00007ffb62f85000 	C:\WINDOWS\SYSTEM32\profapi.dll
0x00007ffb3cd30000 - 0x00007ffb3cd49000 	C:\Program Files\Android\Android Studio\jbr\bin\net.dll
0x00007ffb5c9a0000 - 0x00007ffb5caaa000 	C:\WINDOWS\SYSTEM32\WINHTTP.dll
0x00007ffb626a0000 - 0x00007ffb6270a000 	C:\WINDOWS\system32\mswsock.dll
0x00007ffb34f60000 - 0x00007ffb34f76000 	C:\Program Files\Android\Android Studio\jbr\bin\nio.dll
0x00007ffb4dd70000 - 0x00007ffb4dd80000 	C:\Program Files\Android\Android Studio\jbr\bin\verify.dll
0x00007ffb4d4f0000 - 0x00007ffb4d517000 	C:\Users\Ryzen\.gradle\native\68d5fa5c4cc2d200863cafc0d521ce42e7d3e7ee720ec0a83991735586a16f82\windows-amd64\native-platform.dll
0x00007ffb3c910000 - 0x00007ffb3ca54000 	C:\Users\Ryzen\.gradle\native\e376f236ea51e6404a007f0833ffe2c6e607c4080706a723a18a27aeea778392\windows-amd64\native-platform-file-events.dll
0x00007ffb4c9b0000 - 0x00007ffb4c9b9000 	C:\Program Files\Android\Android Studio\jbr\bin\management.dll
0x00007ffb49ea0000 - 0x00007ffb49eab000 	C:\Program Files\Android\Android Studio\jbr\bin\management_ext.dll
0x00007ffb64d90000 - 0x00007ffb64d98000 	C:\WINDOWS\System32\PSAPI.DLL
0x00007ffb62900000 - 0x00007ffb62918000 	C:\WINDOWS\SYSTEM32\CRYPTSP.dll
0x00007ffb61ff0000 - 0x00007ffb62024000 	C:\WINDOWS\system32\rsaenh.dll
0x00007ffb63030000 - 0x00007ffb63057000 	C:\WINDOWS\System32\bcrypt.dll
0x00007ffb62ee0000 - 0x00007ffb62f0e000 	C:\WINDOWS\SYSTEM32\USERENV.dll
0x00007ffb62830000 - 0x00007ffb6283c000 	C:\WINDOWS\SYSTEM32\CRYPTBASE.dll
0x00007ffb623b0000 - 0x00007ffb623eb000 	C:\WINDOWS\SYSTEM32\IPHLPAPI.DLL
0x00007ffb64300000 - 0x00007ffb64308000 	C:\WINDOWS\System32\NSI.dll
0x00007ffb5c020000 - 0x00007ffb5c037000 	C:\WINDOWS\SYSTEM32\dhcpcsvc6.DLL
0x00007ffb5bea0000 - 0x00007ffb5bebd000 	C:\WINDOWS\SYSTEM32\dhcpcsvc.DLL
0x00007ffb623f0000 - 0x00007ffb624ba000 	C:\WINDOWS\SYSTEM32\DNSAPI.dll
0x00007ffb4d680000 - 0x00007ffb4d687000 	C:\WINDOWS\system32\wshunix.dll

dbghelp: loaded successfully - version: 4.0.5 - missing functions: none
symbol engine: initialized successfully - sym options: 0x614 - pdb path: .;C:\Program Files\Android\Android Studio\jbr\bin;C:\WINDOWS\SYSTEM32;C:\WINDOWS\WinSxS\amd64_microsoft.windows.common-controls_6595b64144ccf1df_6.0.19041.3636_none_60b6a03d71f818d5;C:\Program Files\Android\Android Studio\jbr\bin\server;C:\Users\Ryzen\.gradle\native\68d5fa5c4cc2d200863cafc0d521ce42e7d3e7ee720ec0a83991735586a16f82\windows-amd64;C:\Users\Ryzen\.gradle\native\e376f236ea51e6404a007f0833ffe2c6e607c4080706a723a18a27aeea778392\windows-amd64

VM Arguments:
jvm_args: --add-opens=java.base/java.util=ALL-UNNAMED --add-opens=java.base/java.lang=ALL-UNNAMED --add-opens=java.base/java.lang.invoke=ALL-UNNAMED --add-opens=java.prefs/java.util.prefs=ALL-UNNAMED --add-opens=java.base/java.nio.charset=ALL-UNNAMED --add-opens=java.base/java.net=ALL-UNNAMED --add-opens=java.base/java.util.concurrent.atomic=ALL-UNNAMED -Xmx2048m -Dfile.encoding=UTF-8 -Duser.country=BR -Duser.language=pt -Duser.variant 
java_command: org.gradle.launcher.daemon.bootstrap.GradleDaemon 8.0
java_class_path (initial): C:\Users\Ryzen\.gradle\wrapper\dists\gradle-8.0-bin\ca5e32bp14vu59qr306oxotwh\gradle-8.0\lib\gradle-launcher-8.0.jar
Launcher Type: SUN_STANDARD

[Global flags]
     intx CICompilerCount                          = 4                                         {product} {ergonomic}
     uint ConcGCThreads                            = 2                                         {product} {ergonomic}
     uint G1ConcRefinementThreads                  = 8                                         {product} {ergonomic}
   size_t G1HeapRegionSize                         = 1048576                                   {product} {ergonomic}
    uintx GCDrainStackTargetSize                   = 64                                        {product} {ergonomic}
   size_t InitialHeapSize                          = 100663296                                 {product} {ergonomic}
   size_t MarkStackSize                            = 4194304                                   {product} {ergonomic}
   size_t MaxHeapSize                              = 2147483648                                {product} {command line}
   size_t MaxNewSize                               = 1287651328                                {product} {ergonomic}
   size_t MinHeapDeltaBytes                        = 1048576                                   {product} {ergonomic}
   size_t MinHeapSize                              = 8388608                                   {product} {ergonomic}
    uintx NonNMethodCodeHeapSize                   = 5839372                                {pd product} {ergonomic}
    uintx NonProfiledCodeHeapSize                  = 122909434                              {pd product} {ergonomic}
    uintx ProfiledCodeHeapSize                     = 122909434                              {pd product} {ergonomic}
    uintx ReservedCodeCacheSize                    = 251658240                              {pd product} {ergonomic}
     bool SegmentedCodeCache                       = true                                      {product} {ergonomic}
   size_t SoftMaxHeapSize                          = 2147483648                             {manageable} {ergonomic}
     bool UseCompressedClassPointers               = true                           {product lp64_product} {ergonomic}
     bool UseCompressedOops                        = true                           {product lp64_product} {ergonomic}
     bool UseG1GC                                  = true                                      {product} {ergonomic}
     bool UseLargePagesIndividualAllocation        = false                                  {pd product} {ergonomic}

Logging:
Log output configuration:
 #0: stdout all=warning uptime,level,tags
 #1: stderr all=off uptime,level,tags

Environment Variables:
PATH=C:\WINDOWS\system32;C:\WINDOWS;C:\WINDOWS\System32\Wbem;C:\WINDOWS\System32\WindowsPowerShell\v1.0\;C:\WINDOWS\System32\OpenSSH\;C:\MinGW\bin;C:\Program Files\Git\cmd;C:\Users\Ryzen\AppData\Local\Microsoft\WindowsApps;C:\Users\Ryzen\AppData\Local\Programs\Microsoft VS Code\bin;C:\Program Files\MySQL\MySQL Server 8.0\bin;C:\Program Files\MongoDB\Server\5.0\bin;;C:\Program Files\JetBrains\IntelliJ IDEA 2023.2\bin;;C:\Program Files\JetBrains\PhpStorm 2023.2.2\bin;
USERNAME=Ryzen
OS=Windows_NT
PROCESSOR_IDENTIFIER=AMD64 Family 23 Model 24 Stepping 1, AuthenticAMD
TMP=C:\Users\Ryzen\AppData\Local\Temp
TEMP=C:\Users\Ryzen\AppData\Local\Temp


JNI global refs:
JNI global refs: 25, weak refs: 3

JNI global refs memory usage: 843, weak refs: 841


---------------  S Y S T E M  ---------------

OS:
 Windows 10 , 64 bit Build 19041 (10.0.19041.3636)
OS uptime: 0 days 0:38 hours
Hyper-V role detected

CPU: total 8 (initial active 8) (8 cores per cpu, 2 threads per core) family 23 model 24 stepping 1 microcode 0x0, cx8, cmov, fxsr, ht, mmx, 3dnowpref, sse, sse2, sse3, ssse3, sse4a, sse4.1, sse4.2, popcnt, lzcnt, tsc, tscinvbit, avx, avx2, aes, clmul, bmi1, bmi2, adx, sha, fma, vzeroupper, clflush, clflushopt, hv

Memory: 4k page, system-wide physical 6092M (324M free)
TotalPageFile size 10053M (AvailPageFile size 9M)
current process WorkingSet (physical memory assigned to process): 361M, peak: 361M
current process commit charge ("private bytes"): 465M, peak: 514M

vm_info: OpenJDK 64-Bit Server VM (17.0.6+0-b2043.56-10027231) for windows-amd64 JRE (17.0.6+0-b2043.56-10027231), built on Apr 28 2023 00:43:19 by "androidbuild" with MS VC++ 16.10 / 16.11 (VS2019)

END.
